<?xml version="1.0" encoding="UTF-8"?>
<!-- Generated by org.testng.reporters.JUnitXMLReporter -->
<testsuite ignored="0" hostname="HIPL-LT64" failures="0" tests="14" name="Chrome" time="222.205" errors="0" timestamp="2026-04-28T15:29:44 IST">
  <testcase classname="com.playwright.qa.test.NewUserSignUpTest" name="EndToEndNewUserdRegisterAndLoginSuccessfullyTest" time="2.812"/>
  <testcase classname="com.playwright.qa.test.NewUserSignUpTest" name="EndToEndNewUserdRegisterAndLoginSuccessfullyTest" time="3.521"/>
  <testcase classname="com.playwright.qa.test.NewUserSignUpTest" name="passwordMimimumLengthTest" time="1.296"/>
  <testcase classname="com.playwright.qa.test.LoginTest" name="verifyLoginLogOut" time="3.756"/>
  <testcase classname="com.playwright.qa.test.NewUserSignUpTest" name="verifyNewUserSignUpEmailAlreadyRegistered" time="1.733"/>
  <testcase classname="com.playwright.qa.test.NewUserSignUpTest" name="verifyNewUserSignUpEmailAlreadyRegistered" time="1.571"/>
  <testcase classname="com.playwright.qa.test.NewUserSignUpTest" name="verifyNewUserSignUpPage" time="0.352"/>
  <testcase classname="com.playwright.qa.test.LoginTest" name="verifyLoginPageURLTest" time="2.086"/>
  <testcase classname="com.playwright.qa.test.LoginTest" name="loginPageNewUserSignUpButtonTest" time="2.322"/>
  <testcase classname="com.playwright.qa.test.LoginTest" name="loginPageSocialMediaButtonTest" time="2.201"/>
  <testcase classname="com.playwright.qa.test.LoginTest" name="loginWithOutEmailPasswordTest" time="2.165"/>
  <testcase classname="com.playwright.qa.test.LoginTest" name="unregisteredEmailUserTest" time="3.996"/>
  <testcase classname="com.playwright.qa.test.LoginTest" name="loginWithEmailAndEmptyPasswordTest" time="2.313"/>
  <testcase classname="com.playwright.qa.test.LoginTest" name="loginWithPasswordAndEmptyEmailTest" time="2.344"/>
</testsuite> <!-- Chrome -->
