<?xml version="1.0" encoding="UTF-8"?>
<!-- Generated by org.testng.reporters.JUnitXMLReporter -->
<testsuite ignored="0" hostname="HIPL-LT64" failures="1" tests="14" name="Firefox" time="445.61" errors="0" timestamp="2026-05-05T13:50:20 IST">
  <testcase classname="com.playwright.qa.test.NewUserSignUpTest" name="EndToEndNewUserdRegisterAndLoginSuccessfullyTest" time="3.365"/>
  <testcase classname="com.playwright.qa.test.NewUserSignUpTest" name="EndToEndNewUserdRegisterAndLoginSuccessfullyTest" time="3.398"/>
  <testcase classname="com.playwright.qa.test.NewUserSignUpTest" name="passwordMimimumLengthTest" time="1.561"/>
  <testcase classname="com.playwright.qa.test.LoginTest" name="verifyLoginLogOut" time="5.982"/>
  <testcase classname="com.playwright.qa.test.NewUserSignUpTest" name="verifyNewUserSignUpEmailAlreadyRegistered" time="3.926"/>
  <testcase classname="com.playwright.qa.test.NewUserSignUpTest" name="verifyNewUserSignUpEmailAlreadyRegistered" time="3.414"/>
  <testcase classname="com.playwright.qa.test.NewUserSignUpTest" name="verifyNewUserSignUpPage" time="0.462"/>
  <testcase classname="com.playwright.qa.test.LoginTest" name="verifyLoginPageURLTest" time="1.368"/>
  <testcase classname="com.playwright.qa.test.LoginTest" name="loginPageNewUserSignUpButtonTest" time="1.407"/>
  <testcase classname="com.playwright.qa.test.LoginTest" name="loginPageSocialMediaButtonTest" time="1.888"/>
  <testcase classname="com.playwright.qa.test.LoginTest" name="loginWithOutEmailPasswordTest" time="10.338">
    <failure type="com.microsoft.playwright.TimeoutError" message="Error {
  message=&amp;apos;Timeout 10000ms exceeded.
  name=&amp;apos;TimeoutError
  stack=&amp;apos;TimeoutError: Timeout 10000ms exceeded.
    at ProgressController.run (C:\Users\PRADEE~1.KUM\AppData\Local\Temp\playwright-java-5081559607698029580\package\lib\server\progress.js:78:26)
    at Frame.click (C:\Users\PRADEE~1.KUM\AppData\Local\Temp\playwright-java-5081559607698029580\package\lib\server\frames.js:1007:23)
    at FrameDispatcher.click (C:\Users\PRADEE~1.KUM\AppData\Local\Temp\playwright-java-5081559607698029580\package\lib\server\dispatchers\frameDispatcher.js:158:30)
    at FrameDispatcher._handleCommand (C:\Users\PRADEE~1.KUM\AppData\Local\Temp\playwright-java-5081559607698029580\package\lib\server\dispatchers\dispatcher.js:94:40)
    at DispatcherConnection.dispatch (C:\Users\PRADEE~1.KUM\AppData\Local\Temp\playwright-java-5081559607698029580\package\lib\server\dispatchers\dispatcher.js:361:39)
}
Call log:
- waiting for locator(&amp;quot;//img[@alt=&amp;apos;menu&amp;apos;]&amp;quot;)
-   locator resolved to &amp;lt;img alt=&amp;quot;menu&amp;quot; src=&amp;quot;/static/media/burger-menu.93a4e6…/&amp;gt;
- attempting click action
-   waiting for element to be visible, enabled and stable
-   element is visible, enabled and stable
-   scrolling into view if needed
-   done scrolling
-   performing click action
">
      <![CDATA[com.microsoft.playwright.TimeoutError: Error {
  message='Timeout 10000ms exceeded.
  name='TimeoutError
  stack='TimeoutError: Timeout 10000ms exceeded.
    at ProgressController.run (C:\Users\PRADEE~1.KUM\AppData\Local\Temp\playwright-java-5081559607698029580\package\lib\server\progress.js:78:26)
    at Frame.click (C:\Users\PRADEE~1.KUM\AppData\Local\Temp\playwright-java-5081559607698029580\package\lib\server\frames.js:1007:23)
    at FrameDispatcher.click (C:\Users\PRADEE~1.KUM\AppData\Local\Temp\playwright-java-5081559607698029580\package\lib\server\dispatchers\frameDispatcher.js:158:30)
    at FrameDispatcher._handleCommand (C:\Users\PRADEE~1.KUM\AppData\Local\Temp\playwright-java-5081559607698029580\package\lib\server\dispatchers\dispatcher.js:94:40)
    at DispatcherConnection.dispatch (C:\Users\PRADEE~1.KUM\AppData\Local\Temp\playwright-java-5081559607698029580\package\lib\server\dispatchers\dispatcher.js:361:39)
}
Call log:
- waiting for locator("//img[@alt='menu']")
-   locator resolved to <img alt="menu" src="/static/media/burger-menu.93a4e6…/>
- attempting click action
-   waiting for element to be visible, enabled and stable
-   element is visible, enabled and stable
-   scrolling into view if needed
-   done scrolling
-   performing click action

at com.microsoft.playwright.impl.WaitableResult.get(WaitableResult.java:52)
at com.microsoft.playwright.impl.ChannelOwner.runUntil(ChannelOwner.java:120)
at com.microsoft.playwright.impl.Connection.sendMessage(Connection.java:130)
at com.microsoft.playwright.impl.ChannelOwner.sendMessage(ChannelOwner.java:106)
at com.microsoft.playwright.impl.FrameImpl.clickImpl(FrameImpl.java:252)
at com.microsoft.playwright.impl.FrameImpl.lambda$click$8(FrameImpl.java:243)
at com.microsoft.playwright.impl.LoggingSupport.lambda$withLogging$0(LoggingSupport.java:36)
at com.microsoft.playwright.impl.LoggingSupport.withLogging(LoggingSupport.java:47)
at com.microsoft.playwright.impl.ChannelOwner.withLogging(ChannelOwner.java:89)
at com.microsoft.playwright.impl.LoggingSupport.withLogging(LoggingSupport.java:35)
at com.microsoft.playwright.impl.FrameImpl.click(FrameImpl.java:243)
at com.microsoft.playwright.impl.LocatorImpl.click(LocatorImpl.java:160)
at com.microsoft.playwright.Locator.click(Locator.java:2468)
at com.playwright.qa.pages.LandingPage.clickloginButton(LandingPage.java:55)
at com.playwright.qa.test.LoginTest.loginWithOutEmailPasswordTest(LoginTest.java:68)
at java.base/java.util.ArrayList.forEach(ArrayList.java:1511)
at java.base/java.util.concurrent.FutureTask.run(FutureTask.java:264)
at java.base/java.util.concurrent.ThreadPoolExecutor.runWorker(ThreadPoolExecutor.java:1136)
at java.base/java.util.concurrent.ThreadPoolExecutor$Worker.run(ThreadPoolExecutor.java:635)
at java.base/java.lang.Thread.run(Thread.java:833)
Caused by: com.microsoft.playwright.TimeoutError: Error {
  message='Timeout 10000ms exceeded.
  name='TimeoutError
  stack='TimeoutError: Timeout 10000ms exceeded.
    at ProgressController.run (C:\Users\PRADEE~1.KUM\AppData\Local\Temp\playwright-java-5081559607698029580\package\lib\server\progress.js:78:26)
    at Frame.click (C:\Users\PRADEE~1.KUM\AppData\Local\Temp\playwright-java-5081559607698029580\package\lib\server\frames.js:1007:23)
    at FrameDispatcher.click (C:\Users\PRADEE~1.KUM\AppData\Local\Temp\playwright-java-5081559607698029580\package\lib\server\dispatchers\frameDispatcher.js:158:30)
    at FrameDispatcher._handleCommand (C:\Users\PRADEE~1.KUM\AppData\Local\Temp\playwright-java-5081559607698029580\package\lib\server\dispatchers\dispatcher.js:94:40)
    at DispatcherConnection.dispatch (C:\Users\PRADEE~1.KUM\AppData\Local\Temp\playwright-java-5081559607698029580\package\lib\server\dispatchers\dispatcher.js:361:39)
}
Call log:
- waiting for locator("//img[@alt='menu']")
-   locator resolved to <img alt="menu" src="/static/media/burger-menu.93a4e6…/>
- attempting click action
-   waiting for element to be visible, enabled and stable
-   element is visible, enabled and stable
-   scrolling into view if needed
-   done scrolling
-   performing click action

at com.microsoft.playwright.impl.Connection.dispatch(Connection.java:254)
at com.microsoft.playwright.impl.Connection.processOneMessage(Connection.java:211)
at com.microsoft.playwright.impl.ChannelOwner.runUntil(ChannelOwner.java:118)
... 35 more
... Removed 17 stack frames]]>
    </failure>
  </testcase> <!-- loginWithOutEmailPasswordTest -->
  <testcase classname="com.playwright.qa.test.LoginTest" name="unregisteredEmailUserTest" time="2.853"/>
  <testcase classname="com.playwright.qa.test.LoginTest" name="loginWithEmailAndEmptyPasswordTest" time="1.163"/>
  <testcase classname="com.playwright.qa.test.LoginTest" name="loginWithPasswordAndEmptyEmailTest" time="1.239"/>
</testsuite> <!-- Firefox -->
