<?xml version="1.0" encoding="UTF-8"?>
<!-- Generated by org.testng.reporters.JUnitXMLReporter -->
<testsuite ignored="0" hostname="HIPL-LT64" failures="0" tests="14" name="Firefox" time="333.646" errors="0" timestamp="2026-04-28T15:31:35 IST">
  <testcase classname="com.playwright.qa.test.NewUserSignUpTest" name="EndToEndNewUserdRegisterAndLoginSuccessfullyTest" time="5.095"/>
  <testcase classname="com.playwright.qa.test.NewUserSignUpTest" name="EndToEndNewUserdRegisterAndLoginSuccessfullyTest" time="5.228"/>
  <testcase classname="com.playwright.qa.test.NewUserSignUpTest" name="passwordMimimumLengthTest" time="2.385"/>
  <testcase classname="com.playwright.qa.test.LoginTest" name="verifyLoginLogOut" time="4.79"/>
  <testcase classname="com.playwright.qa.test.NewUserSignUpTest" name="verifyNewUserSignUpEmailAlreadyRegistered" time="2.984"/>
  <testcase classname="com.playwright.qa.test.NewUserSignUpTest" name="verifyNewUserSignUpEmailAlreadyRegistered" time="2.245"/>
  <testcase classname="com.playwright.qa.test.NewUserSignUpTest" name="verifyNewUserSignUpPage" time="0.538"/>
  <testcase classname="com.playwright.qa.test.LoginTest" name="verifyLoginPageURLTest" time="1.299"/>
  <testcase classname="com.playwright.qa.test.LoginTest" name="loginPageNewUserSignUpButtonTest" time="2.172"/>
  <testcase classname="com.playwright.qa.test.LoginTest" name="loginPageSocialMediaButtonTest" time="2.477"/>
  <testcase classname="com.playwright.qa.test.LoginTest" name="loginWithOutEmailPasswordTest" time="1.215"/>
  <testcase classname="com.playwright.qa.test.LoginTest" name="unregisteredEmailUserTest" time="2.981"/>
  <testcase classname="com.playwright.qa.test.LoginTest" name="loginWithEmailAndEmptyPasswordTest" time="2.408"/>
  <testcase classname="com.playwright.qa.test.LoginTest" name="loginWithPasswordAndEmptyEmailTest" time="2.089"/>
</testsuite> <!-- Firefox -->
