<?xml version="1.0" encoding="UTF-8"?>
<!-- Generated by org.testng.reporters.JUnitXMLReporter -->
<testsuite ignored="0" hostname="HIPL-LT64" failures="0" tests="14" name="WebKit" time="284.8" errors="0" timestamp="2026-04-28T15:30:47 IST">
  <testcase classname="com.playwright.qa.test.NewUserSignUpTest" name="EndToEndNewUserdRegisterAndLoginSuccessfullyTest" time="9.054"/>
  <testcase classname="com.playwright.qa.test.NewUserSignUpTest" name="EndToEndNewUserdRegisterAndLoginSuccessfullyTest" time="7.073"/>
  <testcase classname="com.playwright.qa.test.NewUserSignUpTest" name="passwordMimimumLengthTest" time="3.712"/>
  <testcase classname="com.playwright.qa.test.LoginTest" name="verifyLoginLogOut" time="13.172"/>
  <testcase classname="com.playwright.qa.test.NewUserSignUpTest" name="verifyNewUserSignUpEmailAlreadyRegistered" time="3.783"/>
  <testcase classname="com.playwright.qa.test.NewUserSignUpTest" name="verifyNewUserSignUpEmailAlreadyRegistered" time="4.21"/>
  <testcase classname="com.playwright.qa.test.NewUserSignUpTest" name="verifyNewUserSignUpPage" time="0.602"/>
  <testcase classname="com.playwright.qa.test.LoginTest" name="verifyLoginPageURLTest" time="7.513"/>
  <testcase classname="com.playwright.qa.test.LoginTest" name="loginPageNewUserSignUpButtonTest" time="10.353"/>
  <testcase classname="com.playwright.qa.test.LoginTest" name="loginPageSocialMediaButtonTest" time="4.426"/>
  <testcase classname="com.playwright.qa.test.LoginTest" name="loginWithOutEmailPasswordTest" time="7.839"/>
  <testcase classname="com.playwright.qa.test.LoginTest" name="unregisteredEmailUserTest" time="8.425"/>
  <testcase classname="com.playwright.qa.test.LoginTest" name="loginWithEmailAndEmptyPasswordTest" time="6.568"/>
  <testcase classname="com.playwright.qa.test.LoginTest" name="loginWithPasswordAndEmptyEmailTest" time="5.341"/>
</testsuite> <!-- WebKit -->
