<?xml version="1.0" encoding="UTF-8"?>
<!-- Generated by org.testng.reporters.JUnitXMLReporter -->
<testsuite ignored="14" hostname="HIPL-LT64" failures="0" tests="13" name="Smoke Tests" time="1.223" errors="0" timestamp="2026-04-28T13:24:39 IST">
  <testcase classname="com.playwright.qa.base.BaseTest" name="@BeforeMethod setUp" time="-1.777362878394E9">
    <failure type="org.testng.TestNGException" message="
Can inject only one of &amp;lt;ITestContext, XmlTest, Method, Object[], ITestResult&amp;gt; into a @BeforeMethod annotated setUp.
For more information on native dependency injection please refer to https://testng.org/#_dependency_injection">
      <![CDATA[org.testng.TestNGException: 
Can inject only one of <ITestContext, XmlTest, Method, Object[], ITestResult> into a @BeforeMethod annotated setUp.
For more information on native dependency injection please refer to https://testng.org/#_dependency_injection
at java.base/java.util.concurrent.Executors$RunnableAdapter.call(Executors.java:577)
at java.base/java.util.concurrent.FutureTask.run(FutureTask.java:317)
at java.base/java.util.concurrent.ThreadPoolExecutor.runWorker(ThreadPoolExecutor.java:1144)
at java.base/java.util.concurrent.ThreadPoolExecutor$Worker.run(ThreadPoolExecutor.java:642)
at java.base/java.lang.Thread.run(Thread.java:1623)
... Removed 14 stack frames]]>
    </failure>
  </testcase> <!-- @BeforeMethod setUp -->
  <testcase classname="com.playwright.qa.base.BaseTest" name="@BeforeMethod setUp" time="-1.777362878394E9">
    <failure type="org.testng.TestNGException" message="
Can inject only one of &amp;lt;ITestContext, XmlTest, Method, Object[], ITestResult&amp;gt; into a @BeforeMethod annotated setUp.
For more information on native dependency injection please refer to https://testng.org/#_dependency_injection">
      <![CDATA[org.testng.TestNGException: 
Can inject only one of <ITestContext, XmlTest, Method, Object[], ITestResult> into a @BeforeMethod annotated setUp.
For more information on native dependency injection please refer to https://testng.org/#_dependency_injection
at java.base/java.util.concurrent.Executors$RunnableAdapter.call(Executors.java:577)
at java.base/java.util.concurrent.FutureTask.run(FutureTask.java:317)
at java.base/java.util.concurrent.ThreadPoolExecutor.runWorker(ThreadPoolExecutor.java:1144)
at java.base/java.util.concurrent.ThreadPoolExecutor$Worker.run(ThreadPoolExecutor.java:642)
at java.base/java.lang.Thread.run(Thread.java:1623)
... Removed 14 stack frames]]>
    </failure>
  </testcase> <!-- @BeforeMethod setUp -->
  <testcase classname="com.playwright.qa.base.BaseTest" name="@BeforeMethod setUp" time="-1.777362878394E9">
    <failure type="org.testng.TestNGException" message="
Can inject only one of &amp;lt;ITestContext, XmlTest, Method, Object[], ITestResult&amp;gt; into a @BeforeMethod annotated setUp.
For more information on native dependency injection please refer to https://testng.org/#_dependency_injection">
      <![CDATA[org.testng.TestNGException: 
Can inject only one of <ITestContext, XmlTest, Method, Object[], ITestResult> into a @BeforeMethod annotated setUp.
For more information on native dependency injection please refer to https://testng.org/#_dependency_injection
at java.base/java.util.concurrent.Executors$RunnableAdapter.call(Executors.java:577)
at java.base/java.util.concurrent.FutureTask.run(FutureTask.java:317)
at java.base/java.util.concurrent.ThreadPoolExecutor.runWorker(ThreadPoolExecutor.java:1144)
at java.base/java.util.concurrent.ThreadPoolExecutor$Worker.run(ThreadPoolExecutor.java:642)
at java.base/java.lang.Thread.run(Thread.java:1623)
... Removed 14 stack frames]]>
    </failure>
  </testcase> <!-- @BeforeMethod setUp -->
  <testcase classname="com.playwright.qa.base.BaseTest" name="@BeforeMethod setUp" time="-1.777362878393E9">
    <failure type="org.testng.TestNGException" message="
Can inject only one of &amp;lt;ITestContext, XmlTest, Method, Object[], ITestResult&amp;gt; into a @BeforeMethod annotated setUp.
For more information on native dependency injection please refer to https://testng.org/#_dependency_injection">
      <![CDATA[org.testng.TestNGException: 
Can inject only one of <ITestContext, XmlTest, Method, Object[], ITestResult> into a @BeforeMethod annotated setUp.
For more information on native dependency injection please refer to https://testng.org/#_dependency_injection
at java.base/java.util.concurrent.Executors$RunnableAdapter.call(Executors.java:577)
at java.base/java.util.concurrent.FutureTask.run(FutureTask.java:317)
at java.base/java.util.concurrent.ThreadPoolExecutor.runWorker(ThreadPoolExecutor.java:1144)
at java.base/java.util.concurrent.ThreadPoolExecutor$Worker.run(ThreadPoolExecutor.java:642)
at java.base/java.lang.Thread.run(Thread.java:1623)
... Removed 14 stack frames]]>
    </failure>
  </testcase> <!-- @BeforeMethod setUp -->
  <testcase classname="com.playwright.qa.test.CartPageTest" name="@BeforeMethod setUpCartPage" time="0.007">
    <failure type="java.lang.NullPointerException" message="Cannot invoke &amp;quot;com.microsoft.playwright.Page.locator(String)&amp;quot; because &amp;quot;page&amp;quot; is null">
      <![CDATA[java.lang.NullPointerException: Cannot invoke "com.microsoft.playwright.Page.locator(String)" because "page" is null
at com.playwright.qa.pages.LandingPage.<init>(LandingPage.java:17)
at com.playwright.qa.test.CartPageTest.setUpCartPage(CartPageTest.java:28)
at java.base/java.util.concurrent.Executors$RunnableAdapter.call(Executors.java:577)
at java.base/java.util.concurrent.FutureTask.run(FutureTask.java:317)
at java.base/java.util.concurrent.ThreadPoolExecutor.runWorker(ThreadPoolExecutor.java:1144)
at java.base/java.util.concurrent.ThreadPoolExecutor$Worker.run(ThreadPoolExecutor.java:642)
at java.base/java.lang.Thread.run(Thread.java:1623)
... Removed 15 stack frames]]>
    </failure>
  </testcase> <!-- @BeforeMethod setUpCartPage -->
  <testcase classname="com.playwright.qa.test.LandingPageTest" name="@BeforeMethod setUpLandingpage" time="0.009">
    <failure type="java.lang.NullPointerException" message="Cannot invoke &amp;quot;com.microsoft.playwright.Page.locator(String)&amp;quot; because &amp;quot;page&amp;quot; is null">
      <![CDATA[java.lang.NullPointerException: Cannot invoke "com.microsoft.playwright.Page.locator(String)" because "page" is null
at com.playwright.qa.pages.LandingPage.<init>(LandingPage.java:17)
at com.playwright.qa.test.LandingPageTest.setUpLandingpage(LandingPageTest.java:16)
at java.base/java.util.concurrent.Executors$RunnableAdapter.call(Executors.java:577)
at java.base/java.util.concurrent.FutureTask.run(FutureTask.java:317)
at java.base/java.util.concurrent.ThreadPoolExecutor.runWorker(ThreadPoolExecutor.java:1144)
at java.base/java.util.concurrent.ThreadPoolExecutor$Worker.run(ThreadPoolExecutor.java:642)
at java.base/java.lang.Thread.run(Thread.java:1623)
... Removed 15 stack frames]]>
    </failure>
  </testcase> <!-- @BeforeMethod setUpLandingpage -->
  <testcase classname="com.playwright.qa.test.LoginTest" name="@BeforeMethod setUpLoginPage" time="0.01">
    <failure type="java.lang.NullPointerException" message="Cannot invoke &amp;quot;com.microsoft.playwright.Page.locator(String)&amp;quot; because &amp;quot;page&amp;quot; is null">
      <![CDATA[java.lang.NullPointerException: Cannot invoke "com.microsoft.playwright.Page.locator(String)" because "page" is null
at com.playwright.qa.pages.LandingPage.<init>(LandingPage.java:17)
at com.playwright.qa.test.LoginTest.setUpLoginPage(LoginTest.java:18)
at java.base/java.util.concurrent.Executors$RunnableAdapter.call(Executors.java:577)
at java.base/java.util.concurrent.FutureTask.run(FutureTask.java:317)
at java.base/java.util.concurrent.ThreadPoolExecutor.runWorker(ThreadPoolExecutor.java:1144)
at java.base/java.util.concurrent.ThreadPoolExecutor$Worker.run(ThreadPoolExecutor.java:642)
at java.base/java.lang.Thread.run(Thread.java:1623)
... Removed 15 stack frames]]>
    </failure>
  </testcase> <!-- @BeforeMethod setUpLoginPage -->
  <testcase classname="com.playwright.qa.test.DashboardPageTest" name="@BeforeMethod setUpDashboardPage" time="0.012">
    <failure type="java.lang.NullPointerException" message="Cannot invoke &amp;quot;com.microsoft.playwright.Page.locator(String)&amp;quot; because &amp;quot;page&amp;quot; is null">
      <![CDATA[java.lang.NullPointerException: Cannot invoke "com.microsoft.playwright.Page.locator(String)" because "page" is null
at com.playwright.qa.pages.LandingPage.<init>(LandingPage.java:17)
at com.playwright.qa.test.DashboardPageTest.setUpDashboardPage(DashboardPageTest.java:28)
at java.base/java.util.concurrent.Executors$RunnableAdapter.call(Executors.java:577)
at java.base/java.util.concurrent.FutureTask.run(FutureTask.java:317)
at java.base/java.util.concurrent.ThreadPoolExecutor.runWorker(ThreadPoolExecutor.java:1144)
at java.base/java.util.concurrent.ThreadPoolExecutor$Worker.run(ThreadPoolExecutor.java:642)
at java.base/java.lang.Thread.run(Thread.java:1623)
... Removed 15 stack frames]]>
    </failure>
  </testcase> <!-- @BeforeMethod setUpDashboardPage -->
  <testcase classname="com.playwright.qa.base.BaseTest" name="@AfterMethod tearDown" time="0.058">
    <failure type="java.lang.NullPointerException" message="Cannot invoke &amp;quot;com.microsoft.playwright.Page.url()&amp;quot; because the return value of &amp;quot;com.playwright.qa.base.BaseTest.page()&amp;quot; is null">
      <![CDATA[java.lang.NullPointerException: Cannot invoke "com.microsoft.playwright.Page.url()" because the return value of "com.playwright.qa.base.BaseTest.page()" is null
at com.playwright.qa.base.BaseTest.tearDown(BaseTest.java:76)
at java.base/java.util.concurrent.Executors$RunnableAdapter.call(Executors.java:577)
at java.base/java.util.concurrent.FutureTask.run(FutureTask.java:317)
at java.base/java.util.concurrent.ThreadPoolExecutor.runWorker(ThreadPoolExecutor.java:1144)
at java.base/java.util.concurrent.ThreadPoolExecutor$Worker.run(ThreadPoolExecutor.java:642)
at java.base/java.lang.Thread.run(Thread.java:1623)
... Removed 16 stack frames]]>
    </failure>
  </testcase> <!-- @AfterMethod tearDown -->
  <testcase classname="com.playwright.qa.base.BaseTest" name="@AfterMethod tearDown" time="0.061">
    <failure type="java.lang.NullPointerException" message="Cannot invoke &amp;quot;com.microsoft.playwright.Page.url()&amp;quot; because the return value of &amp;quot;com.playwright.qa.base.BaseTest.page()&amp;quot; is null">
      <![CDATA[java.lang.NullPointerException: Cannot invoke "com.microsoft.playwright.Page.url()" because the return value of "com.playwright.qa.base.BaseTest.page()" is null
at com.playwright.qa.base.BaseTest.tearDown(BaseTest.java:76)
at java.base/java.util.concurrent.Executors$RunnableAdapter.call(Executors.java:577)
at java.base/java.util.concurrent.FutureTask.run(FutureTask.java:317)
at java.base/java.util.concurrent.ThreadPoolExecutor.runWorker(ThreadPoolExecutor.java:1144)
at java.base/java.util.concurrent.ThreadPoolExecutor$Worker.run(ThreadPoolExecutor.java:642)
at java.base/java.lang.Thread.run(Thread.java:1623)
... Removed 16 stack frames]]>
    </failure>
  </testcase> <!-- @AfterMethod tearDown -->
  <testcase classname="com.playwright.qa.base.BaseTest" name="@AfterMethod tearDown" time="0.057">
    <failure type="java.lang.NullPointerException" message="Cannot invoke &amp;quot;com.microsoft.playwright.Page.url()&amp;quot; because the return value of &amp;quot;com.playwright.qa.base.BaseTest.page()&amp;quot; is null">
      <![CDATA[java.lang.NullPointerException: Cannot invoke "com.microsoft.playwright.Page.url()" because the return value of "com.playwright.qa.base.BaseTest.page()" is null
at com.playwright.qa.base.BaseTest.tearDown(BaseTest.java:76)
at java.base/java.util.concurrent.Executors$RunnableAdapter.call(Executors.java:577)
at java.base/java.util.concurrent.FutureTask.run(FutureTask.java:317)
at java.base/java.util.concurrent.ThreadPoolExecutor.runWorker(ThreadPoolExecutor.java:1144)
at java.base/java.util.concurrent.ThreadPoolExecutor$Worker.run(ThreadPoolExecutor.java:642)
at java.base/java.lang.Thread.run(Thread.java:1623)
... Removed 16 stack frames]]>
    </failure>
  </testcase> <!-- @AfterMethod tearDown -->
  <testcase classname="com.playwright.qa.base.BaseTest" name="@AfterMethod tearDown" time="0.062">
    <failure type="java.lang.NullPointerException" message="Cannot invoke &amp;quot;com.microsoft.playwright.Page.url()&amp;quot; because the return value of &amp;quot;com.playwright.qa.base.BaseTest.page()&amp;quot; is null">
      <![CDATA[java.lang.NullPointerException: Cannot invoke "com.microsoft.playwright.Page.url()" because the return value of "com.playwright.qa.base.BaseTest.page()" is null
at com.playwright.qa.base.BaseTest.tearDown(BaseTest.java:76)
at java.base/java.util.concurrent.Executors$RunnableAdapter.call(Executors.java:577)
at java.base/java.util.concurrent.FutureTask.run(FutureTask.java:317)
at java.base/java.util.concurrent.ThreadPoolExecutor.runWorker(ThreadPoolExecutor.java:1144)
at java.base/java.util.concurrent.ThreadPoolExecutor$Worker.run(ThreadPoolExecutor.java:642)
at java.base/java.lang.Thread.run(Thread.java:1623)
... Removed 16 stack frames]]>
    </failure>
  </testcase> <!-- @AfterMethod tearDown -->
  <testcase classname="com.playwright.qa.base.BaseTest" name="@BeforeMethod setUp" time="-1.777362878586E9">
    <failure type="org.testng.TestNGException" message="
Can inject only one of &amp;lt;ITestContext, XmlTest, Method, Object[], ITestResult&amp;gt; into a @BeforeMethod annotated setUp.
For more information on native dependency injection please refer to https://testng.org/#_dependency_injection">
      <![CDATA[org.testng.TestNGException: 
Can inject only one of <ITestContext, XmlTest, Method, Object[], ITestResult> into a @BeforeMethod annotated setUp.
For more information on native dependency injection please refer to https://testng.org/#_dependency_injection
at java.base/java.util.concurrent.Executors$RunnableAdapter.call(Executors.java:577)
at java.base/java.util.concurrent.FutureTask.run(FutureTask.java:317)
at java.base/java.util.concurrent.ThreadPoolExecutor.runWorker(ThreadPoolExecutor.java:1144)
at java.base/java.util.concurrent.ThreadPoolExecutor$Worker.run(ThreadPoolExecutor.java:642)
at java.base/java.lang.Thread.run(Thread.java:1623)
... Removed 14 stack frames]]>
    </failure>
  </testcase> <!-- @BeforeMethod setUp -->
  <testcase classname="com.playwright.qa.test.LandingPageTest" name="@BeforeMethod setUpLandingpage" time="0.001">
    <failure type="java.lang.NullPointerException" message="Cannot invoke &amp;quot;com.microsoft.playwright.Page.locator(String)&amp;quot; because &amp;quot;page&amp;quot; is null">
      <![CDATA[java.lang.NullPointerException: Cannot invoke "com.microsoft.playwright.Page.locator(String)" because "page" is null
at com.playwright.qa.pages.LandingPage.<init>(LandingPage.java:17)
at com.playwright.qa.test.LandingPageTest.setUpLandingpage(LandingPageTest.java:16)
at java.base/java.util.concurrent.Executors$RunnableAdapter.call(Executors.java:577)
at java.base/java.util.concurrent.FutureTask.run(FutureTask.java:317)
at java.base/java.util.concurrent.ThreadPoolExecutor.runWorker(ThreadPoolExecutor.java:1144)
at java.base/java.util.concurrent.ThreadPoolExecutor$Worker.run(ThreadPoolExecutor.java:642)
at java.base/java.lang.Thread.run(Thread.java:1623)
... Removed 15 stack frames]]>
    </failure>
  </testcase> <!-- @BeforeMethod setUpLandingpage -->
  <testcase classname="com.playwright.qa.base.BaseTest" name="@BeforeMethod setUp" time="-1.777362878588E9">
    <failure type="org.testng.TestNGException" message="
Can inject only one of &amp;lt;ITestContext, XmlTest, Method, Object[], ITestResult&amp;gt; into a @BeforeMethod annotated setUp.
For more information on native dependency injection please refer to https://testng.org/#_dependency_injection">
      <![CDATA[org.testng.TestNGException: 
Can inject only one of <ITestContext, XmlTest, Method, Object[], ITestResult> into a @BeforeMethod annotated setUp.
For more information on native dependency injection please refer to https://testng.org/#_dependency_injection
at java.base/java.util.concurrent.Executors$RunnableAdapter.call(Executors.java:577)
at java.base/java.util.concurrent.FutureTask.run(FutureTask.java:317)
at java.base/java.util.concurrent.ThreadPoolExecutor.runWorker(ThreadPoolExecutor.java:1144)
at java.base/java.util.concurrent.ThreadPoolExecutor$Worker.run(ThreadPoolExecutor.java:642)
at java.base/java.lang.Thread.run(Thread.java:1623)
... Removed 14 stack frames]]>
    </failure>
  </testcase> <!-- @BeforeMethod setUp -->
  <testcase classname="com.playwright.qa.base.BaseTest" name="@BeforeMethod setUp" time="-1.777362878587E9">
    <failure type="org.testng.TestNGException" message="
Can inject only one of &amp;lt;ITestContext, XmlTest, Method, Object[], ITestResult&amp;gt; into a @BeforeMethod annotated setUp.
For more information on native dependency injection please refer to https://testng.org/#_dependency_injection">
      <![CDATA[org.testng.TestNGException: 
Can inject only one of <ITestContext, XmlTest, Method, Object[], ITestResult> into a @BeforeMethod annotated setUp.
For more information on native dependency injection please refer to https://testng.org/#_dependency_injection
at java.base/java.util.concurrent.Executors$RunnableAdapter.call(Executors.java:577)
at java.base/java.util.concurrent.FutureTask.run(FutureTask.java:317)
at java.base/java.util.concurrent.ThreadPoolExecutor.runWorker(ThreadPoolExecutor.java:1144)
at java.base/java.util.concurrent.ThreadPoolExecutor$Worker.run(ThreadPoolExecutor.java:642)
at java.base/java.lang.Thread.run(Thread.java:1623)
... Removed 14 stack frames]]>
    </failure>
  </testcase> <!-- @BeforeMethod setUp -->
  <testcase classname="com.playwright.qa.base.BaseTest" name="@BeforeMethod setUp" time="-1.777362878589E9">
    <failure type="org.testng.TestNGException" message="
Can inject only one of &amp;lt;ITestContext, XmlTest, Method, Object[], ITestResult&amp;gt; into a @BeforeMethod annotated setUp.
For more information on native dependency injection please refer to https://testng.org/#_dependency_injection">
      <![CDATA[org.testng.TestNGException: 
Can inject only one of <ITestContext, XmlTest, Method, Object[], ITestResult> into a @BeforeMethod annotated setUp.
For more information on native dependency injection please refer to https://testng.org/#_dependency_injection
at java.base/java.util.concurrent.Executors$RunnableAdapter.call(Executors.java:577)
at java.base/java.util.concurrent.FutureTask.run(FutureTask.java:317)
at java.base/java.util.concurrent.ThreadPoolExecutor.runWorker(ThreadPoolExecutor.java:1144)
at java.base/java.util.concurrent.ThreadPoolExecutor$Worker.run(ThreadPoolExecutor.java:642)
at java.base/java.lang.Thread.run(Thread.java:1623)
... Removed 14 stack frames]]>
    </failure>
  </testcase> <!-- @BeforeMethod setUp -->
  <testcase classname="com.playwright.qa.test.DashboardPageTest" name="@BeforeMethod setUpDashboardPage" time="0.001">
    <failure type="java.lang.NullPointerException" message="Cannot invoke &amp;quot;com.microsoft.playwright.Page.locator(String)&amp;quot; because &amp;quot;page&amp;quot; is null">
      <![CDATA[java.lang.NullPointerException: Cannot invoke "com.microsoft.playwright.Page.locator(String)" because "page" is null
at com.playwright.qa.pages.LandingPage.<init>(LandingPage.java:17)
at com.playwright.qa.test.DashboardPageTest.setUpDashboardPage(DashboardPageTest.java:28)
at java.base/java.util.concurrent.Executors$RunnableAdapter.call(Executors.java:577)
at java.base/java.util.concurrent.FutureTask.run(FutureTask.java:317)
at java.base/java.util.concurrent.ThreadPoolExecutor.runWorker(ThreadPoolExecutor.java:1144)
at java.base/java.util.concurrent.ThreadPoolExecutor$Worker.run(ThreadPoolExecutor.java:642)
at java.base/java.lang.Thread.run(Thread.java:1623)
... Removed 15 stack frames]]>
    </failure>
  </testcase> <!-- @BeforeMethod setUpDashboardPage -->
  <testcase classname="com.playwright.qa.test.LoginTest" name="@BeforeMethod setUpLoginPage" time="0.001">
    <failure type="java.lang.NullPointerException" message="Cannot invoke &amp;quot;com.microsoft.playwright.Page.locator(String)&amp;quot; because &amp;quot;page&amp;quot; is null">
      <![CDATA[java.lang.NullPointerException: Cannot invoke "com.microsoft.playwright.Page.locator(String)" because "page" is null
at com.playwright.qa.pages.LandingPage.<init>(LandingPage.java:17)
at com.playwright.qa.test.LoginTest.setUpLoginPage(LoginTest.java:18)
at java.base/java.util.concurrent.Executors$RunnableAdapter.call(Executors.java:577)
at java.base/java.util.concurrent.FutureTask.run(FutureTask.java:317)
at java.base/java.util.concurrent.ThreadPoolExecutor.runWorker(ThreadPoolExecutor.java:1144)
at java.base/java.util.concurrent.ThreadPoolExecutor$Worker.run(ThreadPoolExecutor.java:642)
at java.base/java.lang.Thread.run(Thread.java:1623)
... Removed 15 stack frames]]>
    </failure>
  </testcase> <!-- @BeforeMethod setUpLoginPage -->
  <testcase classname="com.playwright.qa.test.CartPageTest" name="@BeforeMethod setUpCartPage" time="0.001">
    <failure type="java.lang.NullPointerException" message="Cannot invoke &amp;quot;com.microsoft.playwright.Page.locator(String)&amp;quot; because &amp;quot;page&amp;quot; is null">
      <![CDATA[java.lang.NullPointerException: Cannot invoke "com.microsoft.playwright.Page.locator(String)" because "page" is null
at com.playwright.qa.pages.LandingPage.<init>(LandingPage.java:17)
at com.playwright.qa.test.CartPageTest.setUpCartPage(CartPageTest.java:28)
at java.base/java.util.concurrent.Executors$RunnableAdapter.call(Executors.java:577)
at java.base/java.util.concurrent.FutureTask.run(FutureTask.java:317)
at java.base/java.util.concurrent.ThreadPoolExecutor.runWorker(ThreadPoolExecutor.java:1144)
at java.base/java.util.concurrent.ThreadPoolExecutor$Worker.run(ThreadPoolExecutor.java:642)
at java.base/java.lang.Thread.run(Thread.java:1623)
... Removed 15 stack frames]]>
    </failure>
  </testcase> <!-- @BeforeMethod setUpCartPage -->
  <testcase classname="com.playwright.qa.base.BaseTest" name="@AfterMethod tearDown" time="0.001">
    <failure type="java.lang.NullPointerException" message="Cannot invoke &amp;quot;com.microsoft.playwright.Page.url()&amp;quot; because the return value of &amp;quot;com.playwright.qa.base.BaseTest.page()&amp;quot; is null">
      <![CDATA[java.lang.NullPointerException: Cannot invoke "com.microsoft.playwright.Page.url()" because the return value of "com.playwright.qa.base.BaseTest.page()" is null
at com.playwright.qa.base.BaseTest.tearDown(BaseTest.java:76)
at java.base/java.util.concurrent.Executors$RunnableAdapter.call(Executors.java:577)
at java.base/java.util.concurrent.FutureTask.run(FutureTask.java:317)
at java.base/java.util.concurrent.ThreadPoolExecutor.runWorker(ThreadPoolExecutor.java:1144)
at java.base/java.util.concurrent.ThreadPoolExecutor$Worker.run(ThreadPoolExecutor.java:642)
at java.base/java.lang.Thread.run(Thread.java:1623)
... Removed 16 stack frames]]>
    </failure>
  </testcase> <!-- @AfterMethod tearDown -->
  <testcase classname="com.playwright.qa.base.BaseTest" name="@AfterMethod tearDown" time="0.003">
    <failure type="java.lang.NullPointerException" message="Cannot invoke &amp;quot;com.microsoft.playwright.Page.url()&amp;quot; because the return value of &amp;quot;com.playwright.qa.base.BaseTest.page()&amp;quot; is null">
      <![CDATA[java.lang.NullPointerException: Cannot invoke "com.microsoft.playwright.Page.url()" because the return value of "com.playwright.qa.base.BaseTest.page()" is null
at com.playwright.qa.base.BaseTest.tearDown(BaseTest.java:76)
at java.base/java.util.concurrent.Executors$RunnableAdapter.call(Executors.java:577)
at java.base/java.util.concurrent.FutureTask.run(FutureTask.java:317)
at java.base/java.util.concurrent.ThreadPoolExecutor.runWorker(ThreadPoolExecutor.java:1144)
at java.base/java.util.concurrent.ThreadPoolExecutor$Worker.run(ThreadPoolExecutor.java:642)
at java.base/java.lang.Thread.run(Thread.java:1623)
... Removed 16 stack frames]]>
    </failure>
  </testcase> <!-- @AfterMethod tearDown -->
  <testcase classname="com.playwright.qa.base.BaseTest" name="@AfterMethod tearDown" time="0.003">
    <failure type="java.lang.NullPointerException" message="Cannot invoke &amp;quot;com.microsoft.playwright.Page.url()&amp;quot; because the return value of &amp;quot;com.playwright.qa.base.BaseTest.page()&amp;quot; is null">
      <![CDATA[java.lang.NullPointerException: Cannot invoke "com.microsoft.playwright.Page.url()" because the return value of "com.playwright.qa.base.BaseTest.page()" is null
at com.playwright.qa.base.BaseTest.tearDown(BaseTest.java:76)
at java.base/java.util.concurrent.Executors$RunnableAdapter.call(Executors.java:577)
at java.base/java.util.concurrent.FutureTask.run(FutureTask.java:317)
at java.base/java.util.concurrent.ThreadPoolExecutor.runWorker(ThreadPoolExecutor.java:1144)
at java.base/java.util.concurrent.ThreadPoolExecutor$Worker.run(ThreadPoolExecutor.java:642)
at java.base/java.lang.Thread.run(Thread.java:1623)
... Removed 16 stack frames]]>
    </failure>
  </testcase> <!-- @AfterMethod tearDown -->
  <testcase classname="com.playwright.qa.base.BaseTest" name="@BeforeMethod setUp" time="-1.777362878646E9">
    <failure type="org.testng.TestNGException" message="
Can inject only one of &amp;lt;ITestContext, XmlTest, Method, Object[], ITestResult&amp;gt; into a @BeforeMethod annotated setUp.
For more information on native dependency injection please refer to https://testng.org/#_dependency_injection">
      <![CDATA[org.testng.TestNGException: 
Can inject only one of <ITestContext, XmlTest, Method, Object[], ITestResult> into a @BeforeMethod annotated setUp.
For more information on native dependency injection please refer to https://testng.org/#_dependency_injection
at java.base/java.util.concurrent.Executors$RunnableAdapter.call(Executors.java:577)
at java.base/java.util.concurrent.FutureTask.run(FutureTask.java:317)
at java.base/java.util.concurrent.ThreadPoolExecutor.runWorker(ThreadPoolExecutor.java:1144)
at java.base/java.util.concurrent.ThreadPoolExecutor$Worker.run(ThreadPoolExecutor.java:642)
at java.base/java.lang.Thread.run(Thread.java:1623)
... Removed 14 stack frames]]>
    </failure>
  </testcase> <!-- @BeforeMethod setUp -->
  <testcase classname="com.playwright.qa.base.BaseTest" name="@AfterMethod tearDown" time="0.002">
    <failure type="java.lang.NullPointerException" message="Cannot invoke &amp;quot;com.microsoft.playwright.Page.url()&amp;quot; because the return value of &amp;quot;com.playwright.qa.base.BaseTest.page()&amp;quot; is null">
      <![CDATA[java.lang.NullPointerException: Cannot invoke "com.microsoft.playwright.Page.url()" because the return value of "com.playwright.qa.base.BaseTest.page()" is null
at com.playwright.qa.base.BaseTest.tearDown(BaseTest.java:76)
at java.base/java.util.concurrent.Executors$RunnableAdapter.call(Executors.java:577)
at java.base/java.util.concurrent.FutureTask.run(FutureTask.java:317)
at java.base/java.util.concurrent.ThreadPoolExecutor.runWorker(ThreadPoolExecutor.java:1144)
at java.base/java.util.concurrent.ThreadPoolExecutor$Worker.run(ThreadPoolExecutor.java:642)
at java.base/java.lang.Thread.run(Thread.java:1623)
... Removed 16 stack frames]]>
    </failure>
  </testcase> <!-- @AfterMethod tearDown -->
  <testcase classname="com.playwright.qa.test.ManageCoursesTest" name="@BeforeMethod setUpDashboardPage" time="0.003">
    <failure type="java.lang.NullPointerException" message="Cannot invoke &amp;quot;com.microsoft.playwright.Page.locator(String)&amp;quot; because &amp;quot;page&amp;quot; is null">
      <![CDATA[java.lang.NullPointerException: Cannot invoke "com.microsoft.playwright.Page.locator(String)" because "page" is null
at com.playwright.qa.pages.LandingPage.<init>(LandingPage.java:17)
at com.playwright.qa.test.ManageCoursesTest.setUpDashboardPage(ManageCoursesTest.java:26)
at java.base/java.util.concurrent.Executors$RunnableAdapter.call(Executors.java:577)
at java.base/java.util.concurrent.FutureTask.run(FutureTask.java:317)
at java.base/java.util.concurrent.ThreadPoolExecutor.runWorker(ThreadPoolExecutor.java:1144)
at java.base/java.util.concurrent.ThreadPoolExecutor$Worker.run(ThreadPoolExecutor.java:642)
at java.base/java.lang.Thread.run(Thread.java:1623)
... Removed 15 stack frames]]>
    </failure>
  </testcase> <!-- @BeforeMethod setUpDashboardPage -->
  <testcase classname="com.playwright.qa.base.BaseTest" name="@BeforeMethod setUp" time="-1.777362878658E9">
    <failure type="org.testng.TestNGException" message="
Can inject only one of &amp;lt;ITestContext, XmlTest, Method, Object[], ITestResult&amp;gt; into a @BeforeMethod annotated setUp.
For more information on native dependency injection please refer to https://testng.org/#_dependency_injection">
      <![CDATA[org.testng.TestNGException: 
Can inject only one of <ITestContext, XmlTest, Method, Object[], ITestResult> into a @BeforeMethod annotated setUp.
For more information on native dependency injection please refer to https://testng.org/#_dependency_injection
at java.base/java.util.concurrent.Executors$RunnableAdapter.call(Executors.java:577)
at java.base/java.util.concurrent.FutureTask.run(FutureTask.java:317)
at java.base/java.util.concurrent.ThreadPoolExecutor.runWorker(ThreadPoolExecutor.java:1144)
at java.base/java.util.concurrent.ThreadPoolExecutor$Worker.run(ThreadPoolExecutor.java:642)
at java.base/java.lang.Thread.run(Thread.java:1623)
... Removed 14 stack frames]]>
    </failure>
  </testcase> <!-- @BeforeMethod setUp -->
  <testcase classname="com.playwright.qa.test.LoginTest" name="@BeforeMethod setUpLoginPage" time="0.001">
    <failure type="java.lang.NullPointerException" message="Cannot invoke &amp;quot;com.microsoft.playwright.Page.locator(String)&amp;quot; because &amp;quot;page&amp;quot; is null">
      <![CDATA[java.lang.NullPointerException: Cannot invoke "com.microsoft.playwright.Page.locator(String)" because "page" is null
at com.playwright.qa.pages.LandingPage.<init>(LandingPage.java:17)
at com.playwright.qa.test.LoginTest.setUpLoginPage(LoginTest.java:18)
at java.base/java.util.concurrent.Executors$RunnableAdapter.call(Executors.java:577)
at java.base/java.util.concurrent.FutureTask.run(FutureTask.java:317)
at java.base/java.util.concurrent.ThreadPoolExecutor.runWorker(ThreadPoolExecutor.java:1144)
at java.base/java.util.concurrent.ThreadPoolExecutor$Worker.run(ThreadPoolExecutor.java:642)
at java.base/java.lang.Thread.run(Thread.java:1623)
... Removed 15 stack frames]]>
    </failure>
  </testcase> <!-- @BeforeMethod setUpLoginPage -->
  <testcase classname="com.playwright.qa.base.BaseTest" name="@AfterMethod tearDown" time="0.002">
    <failure type="java.lang.NullPointerException" message="Cannot invoke &amp;quot;com.microsoft.playwright.Page.url()&amp;quot; because the return value of &amp;quot;com.playwright.qa.base.BaseTest.page()&amp;quot; is null">
      <![CDATA[java.lang.NullPointerException: Cannot invoke "com.microsoft.playwright.Page.url()" because the return value of "com.playwright.qa.base.BaseTest.page()" is null
at com.playwright.qa.base.BaseTest.tearDown(BaseTest.java:76)
at java.base/java.util.concurrent.Executors$RunnableAdapter.call(Executors.java:577)
at java.base/java.util.concurrent.FutureTask.run(FutureTask.java:317)
at java.base/java.util.concurrent.ThreadPoolExecutor.runWorker(ThreadPoolExecutor.java:1144)
at java.base/java.util.concurrent.ThreadPoolExecutor$Worker.run(ThreadPoolExecutor.java:642)
at java.base/java.lang.Thread.run(Thread.java:1623)
... Removed 16 stack frames]]>
    </failure>
  </testcase> <!-- @AfterMethod tearDown -->
  <testcase classname="com.playwright.qa.base.BaseTest" name="@AfterMethod tearDown" time="0.004">
    <failure type="java.lang.NullPointerException" message="Cannot invoke &amp;quot;com.microsoft.playwright.Page.url()&amp;quot; because the return value of &amp;quot;com.playwright.qa.base.BaseTest.page()&amp;quot; is null">
      <![CDATA[java.lang.NullPointerException: Cannot invoke "com.microsoft.playwright.Page.url()" because the return value of "com.playwright.qa.base.BaseTest.page()" is null
at com.playwright.qa.base.BaseTest.tearDown(BaseTest.java:76)
at java.base/java.util.concurrent.Executors$RunnableAdapter.call(Executors.java:577)
at java.base/java.util.concurrent.FutureTask.run(FutureTask.java:317)
at java.base/java.util.concurrent.ThreadPoolExecutor.runWorker(ThreadPoolExecutor.java:1144)
at java.base/java.util.concurrent.ThreadPoolExecutor$Worker.run(ThreadPoolExecutor.java:642)
at java.base/java.lang.Thread.run(Thread.java:1623)
... Removed 16 stack frames]]>
    </failure>
  </testcase> <!-- @AfterMethod tearDown -->
  <testcase classname="com.playwright.qa.base.BaseTest" name="@BeforeMethod setUp" time="-1.777362879501E9">
    <failure type="org.testng.TestNGException" message="
Can inject only one of &amp;lt;ITestContext, XmlTest, Method, Object[], ITestResult&amp;gt; into a @BeforeMethod annotated setUp.
For more information on native dependency injection please refer to https://testng.org/#_dependency_injection">
      <![CDATA[org.testng.TestNGException: 
Can inject only one of <ITestContext, XmlTest, Method, Object[], ITestResult> into a @BeforeMethod annotated setUp.
For more information on native dependency injection please refer to https://testng.org/#_dependency_injection
at java.base/java.util.concurrent.Executors$RunnableAdapter.call(Executors.java:577)
at java.base/java.util.concurrent.FutureTask.run(FutureTask.java:317)
at java.base/java.util.concurrent.ThreadPoolExecutor.runWorker(ThreadPoolExecutor.java:1144)
at java.base/java.util.concurrent.ThreadPoolExecutor$Worker.run(ThreadPoolExecutor.java:642)
at java.base/java.lang.Thread.run(Thread.java:1623)
... Removed 14 stack frames]]>
    </failure>
  </testcase> <!-- @BeforeMethod setUp -->
  <testcase classname="com.playwright.qa.test.NewUserSignUpTest" name="@BeforeMethod setUpnewUserSignUpPage" time="0.0">
    <failure type="java.lang.NullPointerException" message="Cannot invoke &amp;quot;com.microsoft.playwright.Page.locator(String)&amp;quot; because &amp;quot;page&amp;quot; is null">
      <![CDATA[java.lang.NullPointerException: Cannot invoke "com.microsoft.playwright.Page.locator(String)" because "page" is null
at com.playwright.qa.pages.LandingPage.<init>(LandingPage.java:17)
at com.playwright.qa.test.NewUserSignUpTest.setUpnewUserSignUpPage(NewUserSignUpTest.java:22)
at java.base/java.util.concurrent.Executors$RunnableAdapter.call(Executors.java:577)
at java.base/java.util.concurrent.FutureTask.run(FutureTask.java:317)
at java.base/java.util.concurrent.ThreadPoolExecutor.runWorker(ThreadPoolExecutor.java:1144)
at java.base/java.util.concurrent.ThreadPoolExecutor$Worker.run(ThreadPoolExecutor.java:642)
at java.base/java.lang.Thread.run(Thread.java:1623)
... Removed 15 stack frames]]>
    </failure>
  </testcase> <!-- @BeforeMethod setUpnewUserSignUpPage -->
  <testcase classname="com.playwright.qa.base.BaseTest" name="@AfterMethod tearDown" time="0.001">
    <failure type="java.lang.NullPointerException" message="Cannot invoke &amp;quot;com.microsoft.playwright.Page.url()&amp;quot; because the return value of &amp;quot;com.playwright.qa.base.BaseTest.page()&amp;quot; is null">
      <![CDATA[java.lang.NullPointerException: Cannot invoke "com.microsoft.playwright.Page.url()" because the return value of "com.playwright.qa.base.BaseTest.page()" is null
at com.playwright.qa.base.BaseTest.tearDown(BaseTest.java:76)
at java.base/java.util.concurrent.Executors$RunnableAdapter.call(Executors.java:577)
at java.base/java.util.concurrent.FutureTask.run(FutureTask.java:317)
at java.base/java.util.concurrent.ThreadPoolExecutor.runWorker(ThreadPoolExecutor.java:1144)
at java.base/java.util.concurrent.ThreadPoolExecutor$Worker.run(ThreadPoolExecutor.java:642)
at java.base/java.lang.Thread.run(Thread.java:1623)
... Removed 16 stack frames]]>
    </failure>
  </testcase> <!-- @AfterMethod tearDown -->
  <testcase classname="com.playwright.qa.base.BaseTest" name="@BeforeMethod setUp" time="-1.777362879515E9">
    <failure type="org.testng.TestNGException" message="
Can inject only one of &amp;lt;ITestContext, XmlTest, Method, Object[], ITestResult&amp;gt; into a @BeforeMethod annotated setUp.
For more information on native dependency injection please refer to https://testng.org/#_dependency_injection">
      <![CDATA[org.testng.TestNGException: 
Can inject only one of <ITestContext, XmlTest, Method, Object[], ITestResult> into a @BeforeMethod annotated setUp.
For more information on native dependency injection please refer to https://testng.org/#_dependency_injection
at java.base/java.util.concurrent.Executors$RunnableAdapter.call(Executors.java:577)
at java.base/java.util.concurrent.FutureTask.run(FutureTask.java:317)
at java.base/java.util.concurrent.ThreadPoolExecutor.runWorker(ThreadPoolExecutor.java:1144)
at java.base/java.util.concurrent.ThreadPoolExecutor$Worker.run(ThreadPoolExecutor.java:642)
at java.base/java.lang.Thread.run(Thread.java:1623)
... Removed 14 stack frames]]>
    </failure>
  </testcase> <!-- @BeforeMethod setUp -->
  <testcase classname="com.playwright.qa.test.NewUserSignUpTest" name="@BeforeMethod setUpnewUserSignUpPage" time="0.002">
    <failure type="java.lang.NullPointerException" message="Cannot invoke &amp;quot;com.microsoft.playwright.Page.locator(String)&amp;quot; because &amp;quot;page&amp;quot; is null">
      <![CDATA[java.lang.NullPointerException: Cannot invoke "com.microsoft.playwright.Page.locator(String)" because "page" is null
at com.playwright.qa.pages.LandingPage.<init>(LandingPage.java:17)
at com.playwright.qa.test.NewUserSignUpTest.setUpnewUserSignUpPage(NewUserSignUpTest.java:22)
at java.base/java.util.concurrent.Executors$RunnableAdapter.call(Executors.java:577)
at java.base/java.util.concurrent.FutureTask.run(FutureTask.java:317)
at java.base/java.util.concurrent.ThreadPoolExecutor.runWorker(ThreadPoolExecutor.java:1144)
at java.base/java.util.concurrent.ThreadPoolExecutor$Worker.run(ThreadPoolExecutor.java:642)
at java.base/java.lang.Thread.run(Thread.java:1623)
... Removed 15 stack frames]]>
    </failure>
  </testcase> <!-- @BeforeMethod setUpnewUserSignUpPage -->
  <testcase classname="com.playwright.qa.base.BaseTest" name="@AfterMethod tearDown" time="0.002">
    <failure type="java.lang.NullPointerException" message="Cannot invoke &amp;quot;com.microsoft.playwright.Page.url()&amp;quot; because the return value of &amp;quot;com.playwright.qa.base.BaseTest.page()&amp;quot; is null">
      <![CDATA[java.lang.NullPointerException: Cannot invoke "com.microsoft.playwright.Page.url()" because the return value of "com.playwright.qa.base.BaseTest.page()" is null
at com.playwright.qa.base.BaseTest.tearDown(BaseTest.java:76)
at java.base/java.util.concurrent.Executors$RunnableAdapter.call(Executors.java:577)
at java.base/java.util.concurrent.FutureTask.run(FutureTask.java:317)
at java.base/java.util.concurrent.ThreadPoolExecutor.runWorker(ThreadPoolExecutor.java:1144)
at java.base/java.util.concurrent.ThreadPoolExecutor$Worker.run(ThreadPoolExecutor.java:642)
at java.base/java.lang.Thread.run(Thread.java:1623)
... Removed 16 stack frames]]>
    </failure>
  </testcase> <!-- @AfterMethod tearDown -->
  <testcase classname="com.playwright.qa.base.BaseTest" name="@BeforeMethod setUp" time="-1.777362879534E9">
    <failure type="org.testng.TestNGException" message="
Can inject only one of &amp;lt;ITestContext, XmlTest, Method, Object[], ITestResult&amp;gt; into a @BeforeMethod annotated setUp.
For more information on native dependency injection please refer to https://testng.org/#_dependency_injection">
      <![CDATA[org.testng.TestNGException: 
Can inject only one of <ITestContext, XmlTest, Method, Object[], ITestResult> into a @BeforeMethod annotated setUp.
For more information on native dependency injection please refer to https://testng.org/#_dependency_injection
at java.base/java.util.concurrent.Executors$RunnableAdapter.call(Executors.java:577)
at java.base/java.util.concurrent.FutureTask.run(FutureTask.java:317)
at java.base/java.util.concurrent.ThreadPoolExecutor.runWorker(ThreadPoolExecutor.java:1144)
at java.base/java.util.concurrent.ThreadPoolExecutor$Worker.run(ThreadPoolExecutor.java:642)
at java.base/java.lang.Thread.run(Thread.java:1623)
... Removed 14 stack frames]]>
    </failure>
  </testcase> <!-- @BeforeMethod setUp -->
  <testcase classname="com.playwright.qa.test.NewUserSignUpTest" name="@BeforeMethod setUpnewUserSignUpPage" time="0.004">
    <failure type="java.lang.NullPointerException" message="Cannot invoke &amp;quot;com.microsoft.playwright.Page.locator(String)&amp;quot; because &amp;quot;page&amp;quot; is null">
      <![CDATA[java.lang.NullPointerException: Cannot invoke "com.microsoft.playwright.Page.locator(String)" because "page" is null
at com.playwright.qa.pages.LandingPage.<init>(LandingPage.java:17)
at com.playwright.qa.test.NewUserSignUpTest.setUpnewUserSignUpPage(NewUserSignUpTest.java:22)
at java.base/java.util.concurrent.Executors$RunnableAdapter.call(Executors.java:577)
at java.base/java.util.concurrent.FutureTask.run(FutureTask.java:317)
at java.base/java.util.concurrent.ThreadPoolExecutor.runWorker(ThreadPoolExecutor.java:1144)
at java.base/java.util.concurrent.ThreadPoolExecutor$Worker.run(ThreadPoolExecutor.java:642)
at java.base/java.lang.Thread.run(Thread.java:1623)
... Removed 15 stack frames]]>
    </failure>
  </testcase> <!-- @BeforeMethod setUpnewUserSignUpPage -->
  <testcase classname="com.playwright.qa.base.BaseTest" name="@AfterMethod tearDown" time="0.002">
    <failure type="java.lang.NullPointerException" message="Cannot invoke &amp;quot;com.microsoft.playwright.Page.url()&amp;quot; because the return value of &amp;quot;com.playwright.qa.base.BaseTest.page()&amp;quot; is null">
      <![CDATA[java.lang.NullPointerException: Cannot invoke "com.microsoft.playwright.Page.url()" because the return value of "com.playwright.qa.base.BaseTest.page()" is null
at com.playwright.qa.base.BaseTest.tearDown(BaseTest.java:76)
at java.base/java.util.concurrent.Executors$RunnableAdapter.call(Executors.java:577)
at java.base/java.util.concurrent.FutureTask.run(FutureTask.java:317)
at java.base/java.util.concurrent.ThreadPoolExecutor.runWorker(ThreadPoolExecutor.java:1144)
at java.base/java.util.concurrent.ThreadPoolExecutor$Worker.run(ThreadPoolExecutor.java:642)
at java.base/java.lang.Thread.run(Thread.java:1623)
... Removed 16 stack frames]]>
    </failure>
  </testcase> <!-- @AfterMethod tearDown -->
  <testcase classname="com.playwright.qa.test.DashboardPageTest" name="CourseNameAndPriceTest" time="0.001">
    <skipped/>
  </testcase> <!-- CourseNameAndPriceTest -->
  <testcase classname="com.playwright.qa.test.LandingPageTest" name="LandingPageCoursesTest" time="0.0">
    <skipped/>
  </testcase> <!-- LandingPageCoursesTest -->
  <testcase classname="com.playwright.qa.test.CartPageTest" name="enrollNowCourseTest" time="0.0">
    <skipped/>
  </testcase> <!-- enrollNowCourseTest -->
  <testcase classname="com.playwright.qa.test.LoginTest" name="verifyLoginLogOut" time="0.0">
    <skipped/>
  </testcase> <!-- verifyLoginLogOut -->
  <testcase classname="com.playwright.qa.test.LandingPageTest" name="LandingPageTitleTest" time="0.001">
    <skipped/>
  </testcase> <!-- LandingPageTitleTest -->
  <testcase classname="com.playwright.qa.test.DashboardPageTest" name="CourseTest" time="0.0">
    <skipped/>
  </testcase> <!-- CourseTest -->
  <testcase classname="com.playwright.qa.test.CartPageTest" name="verifyCartEndToEndFlowTest" time="0.0">
    <skipped/>
  </testcase> <!-- verifyCartEndToEndFlowTest -->
  <testcase classname="com.playwright.qa.test.LoginTest" name="verifyLoginPageURLTest" time="0.0">
    <skipped/>
  </testcase> <!-- verifyLoginPageURLTest -->
  <testcase classname="com.playwright.qa.test.ManageCoursesTest" name="verifyManageCourseNavigation" time="0.0">
    <skipped/>
  </testcase> <!-- verifyManageCourseNavigation -->
  <testcase classname="com.playwright.qa.test.LoginTest" name="loginPageNewUserSignUpButtonTest" time="0.001">
    <skipped/>
  </testcase> <!-- loginPageNewUserSignUpButtonTest -->
  <testcase classname="com.playwright.qa.test.NewUserSignUpTest" name="EndToEndNewUserdRegisterAndLoginSuccessfullyTest" time="0.0">
    <skipped/>
  </testcase> <!-- EndToEndNewUserdRegisterAndLoginSuccessfullyTest -->
  <testcase classname="com.playwright.qa.test.NewUserSignUpTest" name="EndToEndNewUserdRegisterAndLoginSuccessfullyTest" time="0.0">
    <skipped/>
  </testcase> <!-- EndToEndNewUserdRegisterAndLoginSuccessfullyTest -->
  <testcase classname="com.playwright.qa.test.NewUserSignUpTest" name="verifyNewUserSignUpPage" time="0.0">
    <skipped/>
  </testcase> <!-- verifyNewUserSignUpPage -->
  <testcase classname="com.playwright.qa.test.LoginTest" name="loginWithPasswordAndEmptyEmailTest" time="0.0">
    <ignored/>
  </testcase> <!-- loginWithPasswordAndEmptyEmailTest -->
  <testcase classname="com.playwright.qa.test.NewUserSignUpTest" name="verifyNewUserSignUpEmailAlreadyRegistered" time="0.0">
    <ignored/>
  </testcase> <!-- verifyNewUserSignUpEmailAlreadyRegistered -->
  <testcase classname="com.playwright.qa.test.CartPageTest" name="UpdateAndRemoveCartTest" time="0.0">
    <ignored/>
  </testcase> <!-- UpdateAndRemoveCartTest -->
  <testcase classname="com.playwright.qa.test.LoginTest" name="unregisteredEmailUserTest" time="0.0">
    <ignored/>
  </testcase> <!-- unregisteredEmailUserTest -->
  <testcase classname="com.playwright.qa.test.DashboardPageTest" name="verifyAddSpecificCourseToCart" time="0.0">
    <ignored/>
  </testcase> <!-- verifyAddSpecificCourseToCart -->
  <testcase classname="com.playwright.qa.test.LoginTest" name="loginPageSocialMediaButtonTest" time="0.0">
    <ignored/>
  </testcase> <!-- loginPageSocialMediaButtonTest -->
  <testcase classname="com.playwright.qa.test.LoginTest" name="loginWithEmailAndEmptyPasswordTest" time="0.0">
    <ignored/>
  </testcase> <!-- loginWithEmailAndEmptyPasswordTest -->
  <testcase classname="com.playwright.qa.test.ManageCoursesTest" name="addNewCourseTest" time="0.0">
    <ignored/>
  </testcase> <!-- addNewCourseTest -->
  <testcase classname="com.playwright.qa.test.LoginTest" name="loginWithOutEmailPasswordTest" time="0.0">
    <ignored/>
  </testcase> <!-- loginWithOutEmailPasswordTest -->
  <testcase classname="com.playwright.qa.test.DashboardPageTest" name="verifyCourseNameAndPriceFromTestDataTest" time="0.0">
    <ignored/>
  </testcase> <!-- verifyCourseNameAndPriceFromTestDataTest -->
  <testcase classname="com.playwright.qa.test.CartPageTest" name="toastMessageTest" time="0.0">
    <ignored/>
  </testcase> <!-- toastMessageTest -->
  <testcase classname="com.playwright.qa.test.LandingPageTest" name="LandingPageSocialMediaIconsTest" time="0.0">
    <ignored/>
  </testcase> <!-- LandingPageSocialMediaIconsTest -->
  <testcase classname="com.playwright.qa.test.ManageCoursesTest" name="searchCourseNameTest" time="0.0">
    <ignored/>
  </testcase> <!-- searchCourseNameTest -->
  <testcase classname="com.playwright.qa.test.NewUserSignUpTest" name="passwordMimimumLengthTest" time="0.0">
    <ignored/>
  </testcase> <!-- passwordMimimumLengthTest -->
</testsuite> <!-- Smoke Tests -->
