<?xml version="1.0" encoding="UTF-8"?>
<!-- Generated by org.testng.reporters.JUnitXMLReporter -->
<testsuite ignored="19" hostname="HIPL-LT64" failures="0" tests="13" name="Test" time="207.975" errors="0" timestamp="2026-05-08T15:46:38 IST">
  <testcase classname="com.playwright.qa.test.NewUserSignUpTest" name="EndToEndNewUserdRegisterAndLoginSuccessfullyTest" time="3.606"/>
  <testcase classname="com.playwright.qa.test.NewUserSignUpTest" name="EndToEndNewUserdRegisterAndLoginSuccessfullyTest" time="4.23"/>
  <testcase classname="com.playwright.qa.test.NewUserSignUpTest" name="verifyNewUserSignUpPage" time="0.422"/>
  <testcase classname="com.playwright.qa.test.LoginTest" name="verifyLoginLogOut" time="4.528"/>
  <testcase classname="com.playwright.qa.test.LoginTest" name="verifyLoginPageURLTest" time="1.526"/>
  <testcase classname="com.playwright.qa.test.LoginTest" name="loginPageNewUserSignUpButtonTest" time="1.775"/>
  <testcase classname="com.playwright.qa.test.DashboardPageTest" name="CourseNameAndPriceTest" time="1.03"/>
  <testcase classname="com.playwright.qa.test.DashboardPageTest" name="CourseTest" time="0.848"/>
  <testcase classname="com.playwright.qa.test.LandingPageTest" name="LandingPageCoursesTest" time="0.689"/>
  <testcase classname="com.playwright.qa.test.LandingPageTest" name="LandingPageTitleTest" time="0.089"/>
  <testcase classname="com.playwright.qa.test.CartPageTest" name="enrollNowCourseTest" time="3.363"/>
  <testcase classname="com.playwright.qa.test.CartPageTest" name="verifyCartEndToEndFlowTest" time="1.023"/>
  <testcase classname="com.playwright.qa.test.ManageCoursesTest" name="verifyManageCourseNavigation" time="0.657"/>
  <testcase classname="com.playwright.qa.test.DashboardPageTest" name="verifyAddSpecificCourseToCart" time="0.0">
    <ignored/>
  </testcase> <!-- verifyAddSpecificCourseToCart -->
  <testcase classname="com.playwright.qa.test.NewUserSignUpTest" name="passwordMimimumLengthTest" time="0.0">
    <ignored/>
  </testcase> <!-- passwordMimimumLengthTest -->
  <testcase classname="com.playwright.qa.test.ManageCoursesTest" name="addNewCourseTest" time="0.0">
    <ignored/>
  </testcase> <!-- addNewCourseTest -->
  <testcase classname="com.playwright.qa.test.LoginTest" name="loginPageSocialMediaButtonTest" time="0.0">
    <ignored/>
  </testcase> <!-- loginPageSocialMediaButtonTest -->
  <testcase classname="com.playwright.qa.base.BaseTest" name="@BeforeSuite globalSetup" time="0.0">
    <ignored/>
  </testcase> <!-- @BeforeSuite globalSetup -->
  <testcase classname="com.playwright.qa.test.CartPageTest" name="UpdateAndRemoveCartTest" time="0.0">
    <ignored/>
  </testcase> <!-- UpdateAndRemoveCartTest -->
  <testcase classname="com.playwright.qa.test.CartPageTest" name="toastMessageTest" time="0.0">
    <ignored/>
  </testcase> <!-- toastMessageTest -->
  <testcase classname="com.playwright.qa.base.BaseTest" name="@BeforeSuite globalSetup" time="0.0">
    <ignored/>
  </testcase> <!-- @BeforeSuite globalSetup -->
  <testcase classname="com.playwright.qa.test.LoginTest" name="loginWithPasswordAndEmptyEmailTest" time="0.0">
    <ignored/>
  </testcase> <!-- loginWithPasswordAndEmptyEmailTest -->
  <testcase classname="com.playwright.qa.test.ManageCoursesTest" name="searchCourseNameTest" time="0.0">
    <ignored/>
  </testcase> <!-- searchCourseNameTest -->
  <testcase classname="com.playwright.qa.test.LoginTest" name="unregisteredEmailUserTest" time="0.0">
    <ignored/>
  </testcase> <!-- unregisteredEmailUserTest -->
  <testcase classname="com.playwright.qa.test.LoginTest" name="loginWithOutEmailPasswordTest" time="0.0">
    <ignored/>
  </testcase> <!-- loginWithOutEmailPasswordTest -->
  <testcase classname="com.playwright.qa.test.LoginTest" name="loginWithEmailAndEmptyPasswordTest" time="0.0">
    <ignored/>
  </testcase> <!-- loginWithEmailAndEmptyPasswordTest -->
  <testcase classname="com.playwright.qa.base.BaseTest" name="@BeforeSuite globalSetup" time="0.0">
    <ignored/>
  </testcase> <!-- @BeforeSuite globalSetup -->
  <testcase classname="com.playwright.qa.test.NewUserSignUpTest" name="verifyNewUserSignUpEmailAlreadyRegistered" time="0.0">
    <ignored/>
  </testcase> <!-- verifyNewUserSignUpEmailAlreadyRegistered -->
  <testcase classname="com.playwright.qa.base.BaseTest" name="@BeforeSuite globalSetup" time="0.0">
    <ignored/>
  </testcase> <!-- @BeforeSuite globalSetup -->
  <testcase classname="com.playwright.qa.test.LandingPageTest" name="LandingPageSocialMediaIconsTest" time="0.0">
    <ignored/>
  </testcase> <!-- LandingPageSocialMediaIconsTest -->
  <testcase classname="com.playwright.qa.base.BaseTest" name="@BeforeSuite globalSetup" time="0.0">
    <ignored/>
  </testcase> <!-- @BeforeSuite globalSetup -->
  <testcase classname="com.playwright.qa.test.DashboardPageTest" name="verifyCourseNameAndPriceFromTestDataTest" time="0.0">
    <ignored/>
  </testcase> <!-- verifyCourseNameAndPriceFromTestDataTest -->
</testsuite> <!-- Test -->
