<?xml version="1.0" encoding="UTF-8"?>
<!-- Generated by org.testng.reporters.JUnitXMLReporter -->
<testsuite ignored="5" hostname="HIPL-LT64" failures="3" tests="3" name="Test" time="0.21" errors="0" timestamp="2026-04-27T16:21:03 IST">
  <testcase classname="com.playwright.qa.test.LoginTest" name="verifyLoginLogOut" time="0.047">
    <failure type="java.lang.NullPointerException" message="Cannot invoke &amp;quot;com.playwright.qa.pages.LandingPage.clickloginButton()&amp;quot; because &amp;quot;this.landingPage&amp;quot; is null">
      <![CDATA[java.lang.NullPointerException: Cannot invoke "com.playwright.qa.pages.LandingPage.clickloginButton()" because "this.landingPage" is null
at com.playwright.qa.test.LoginTest.verifyLoginLogOut(LoginTest.java:27)
at java.base/java.util.ArrayList.forEach(ArrayList.java:1511)
... Removed 25 stack frames]]>
    </failure>
  </testcase> <!-- verifyLoginLogOut -->
  <testcase classname="com.playwright.qa.test.LoginTest" name="verifyLoginPageURLTest" time="0.004">
    <failure type="java.lang.NullPointerException" message="Cannot invoke &amp;quot;com.playwright.qa.pages.LandingPage.clickloginButton()&amp;quot; because &amp;quot;this.landingPage&amp;quot; is null">
      <![CDATA[java.lang.NullPointerException: Cannot invoke "com.playwright.qa.pages.LandingPage.clickloginButton()" because "this.landingPage" is null
at com.playwright.qa.test.LoginTest.verifyLoginPageURLTest(LoginTest.java:40)
at java.base/java.util.ArrayList.forEach(ArrayList.java:1511)
... Removed 25 stack frames]]>
    </failure>
  </testcase> <!-- verifyLoginPageURLTest -->
  <testcase classname="com.playwright.qa.test.LoginTest" name="loginPageNewUserSignUpButtonTest" time="0.003">
    <failure type="java.lang.NullPointerException" message="Cannot invoke &amp;quot;com.playwright.qa.pages.LandingPage.clickloginButton()&amp;quot; because &amp;quot;this.landingPage&amp;quot; is null">
      <![CDATA[java.lang.NullPointerException: Cannot invoke "com.playwright.qa.pages.LandingPage.clickloginButton()" because "this.landingPage" is null
at com.playwright.qa.test.LoginTest.loginPageNewUserSignUpButtonTest(LoginTest.java:51)
at java.base/java.util.ArrayList.forEach(ArrayList.java:1511)
... Removed 25 stack frames]]>
    </failure>
  </testcase> <!-- loginPageNewUserSignUpButtonTest -->
  <testcase classname="com.playwright.qa.test.LoginTest" name="loginWithOutEmailPasswordTest" time="0.0">
    <ignored/>
  </testcase> <!-- loginWithOutEmailPasswordTest -->
  <testcase classname="com.playwright.qa.test.LoginTest" name="unregisteredEmailUserTest" time="0.0">
    <ignored/>
  </testcase> <!-- unregisteredEmailUserTest -->
  <testcase classname="com.playwright.qa.test.LoginTest" name="loginWithPasswordAndEmptyEmailTest" time="0.0">
    <ignored/>
  </testcase> <!-- loginWithPasswordAndEmptyEmailTest -->
  <testcase classname="com.playwright.qa.test.LoginTest" name="loginWithEmailAndEmptyPasswordTest" time="0.0">
    <ignored/>
  </testcase> <!-- loginWithEmailAndEmptyPasswordTest -->
  <testcase classname="com.playwright.qa.test.LoginTest" name="loginPageSocialMediaButtonTest" time="0.0">
    <ignored/>
  </testcase> <!-- loginPageSocialMediaButtonTest -->
</testsuite> <!-- Test -->
