<?xml version="1.0" encoding="UTF-8"?>
<!-- Generated by org.testng.reporters.JUnitXMLReporter -->
<testsuite ignored="0" hostname="HIPL-LT64" failures="0" tests="4" name="Test" time="33.525" errors="0" timestamp="2026-04-22T13:48:31 IST">
  <testcase classname="com.playwright.qa.test.CartPageTest" name="UpdateAndRemoveCartTest" time="2.349"/>
  <testcase classname="com.playwright.qa.test.CartPageTest" name="enrollNowCourseTest" time="2.899"/>
  <testcase classname="com.playwright.qa.test.CartPageTest" name="toastMessageTest" time="2.168"/>
  <testcase classname="com.playwright.qa.test.CartPageTest" name="verifyCartEndToEndFlowTest" time="1.587"/>
</testsuite> <!-- Test -->
