<?xml version="1.0" encoding="UTF-8"?>
<testng-results ignored="0" total="13" passed="13" failed="0" skipped="0">
  <reporter-output>
  </reporter-output>
  <suite started-at="2026-05-08T15:43:10 IST" name="Suite Smoke" finished-at="2026-05-08T15:46:38 IST" duration-ms="207975">
    <groups>
      <group name="regression">
        <method signature="CartPageTest.enrollNowCourseTest()[pri:0, instance:com.playwright.qa.test.CartPageTest@7f6329cb]" name="enrollNowCourseTest" class="com.playwright.qa.test.CartPageTest"/>
        <method signature="CartPageTest.verifyCartEndToEndFlowTest()[pri:0, instance:com.playwright.qa.test.CartPageTest@7f6329cb]" name="verifyCartEndToEndFlowTest" class="com.playwright.qa.test.CartPageTest"/>
        <method signature="DashboardPageTest.CourseNameAndPriceTest()[pri:0, instance:com.playwright.qa.test.DashboardPageTest@2173a742]" name="CourseNameAndPriceTest" class="com.playwright.qa.test.DashboardPageTest"/>
        <method signature="DashboardPageTest.CourseTest()[pri:0, instance:com.playwright.qa.test.DashboardPageTest@2173a742]" name="CourseTest" class="com.playwright.qa.test.DashboardPageTest"/>
        <method signature="LoginTest.verifyLoginLogOut()[pri:0, instance:com.playwright.qa.test.LoginTest@6babffb5]" name="verifyLoginLogOut" class="com.playwright.qa.test.LoginTest"/>
        <method signature="ManageCoursesTest.verifyManageCourseNavigation()[pri:0, instance:com.playwright.qa.test.ManageCoursesTest@4b8137c5]" name="verifyManageCourseNavigation" class="com.playwright.qa.test.ManageCoursesTest"/>
        <method signature="NewUserSignUpTest.EndToEndNewUserdRegisterAndLoginSuccessfullyTest(java.lang.String,java.lang.String,java.lang.String,java.lang.String,java.lang.String)[pri:0, instance:com.playwright.qa.test.NewUserSignUpTest@5ae1c281]" name="EndToEndNewUserdRegisterAndLoginSuccessfullyTest" class="com.playwright.qa.test.NewUserSignUpTest"/>
        <method signature="LoginTest.verifyLoginPageURLTest()[pri:1, instance:com.playwright.qa.test.LoginTest@6babffb5]" name="verifyLoginPageURLTest" class="com.playwright.qa.test.LoginTest"/>
        <method signature="LoginTest.loginPageNewUserSignUpButtonTest()[pri:2, instance:com.playwright.qa.test.LoginTest@6babffb5]" name="loginPageNewUserSignUpButtonTest" class="com.playwright.qa.test.LoginTest"/>
      </group> <!-- regression -->
      <group name="smoke">
        <method signature="CartPageTest.enrollNowCourseTest()[pri:0, instance:com.playwright.qa.test.CartPageTest@7f6329cb]" name="enrollNowCourseTest" class="com.playwright.qa.test.CartPageTest"/>
        <method signature="CartPageTest.verifyCartEndToEndFlowTest()[pri:0, instance:com.playwright.qa.test.CartPageTest@7f6329cb]" name="verifyCartEndToEndFlowTest" class="com.playwright.qa.test.CartPageTest"/>
        <method signature="DashboardPageTest.CourseNameAndPriceTest()[pri:0, instance:com.playwright.qa.test.DashboardPageTest@2173a742]" name="CourseNameAndPriceTest" class="com.playwright.qa.test.DashboardPageTest"/>
        <method signature="DashboardPageTest.CourseTest()[pri:0, instance:com.playwright.qa.test.DashboardPageTest@2173a742]" name="CourseTest" class="com.playwright.qa.test.DashboardPageTest"/>
        <method signature="LandingPageTest.LandingPageCoursesTest()[pri:0, instance:com.playwright.qa.test.LandingPageTest@706ceca6]" name="LandingPageCoursesTest" class="com.playwright.qa.test.LandingPageTest"/>
        <method signature="LandingPageTest.LandingPageTitleTest()[pri:0, instance:com.playwright.qa.test.LandingPageTest@706ceca6]" name="LandingPageTitleTest" class="com.playwright.qa.test.LandingPageTest"/>
        <method signature="LoginTest.verifyLoginLogOut()[pri:0, instance:com.playwright.qa.test.LoginTest@6babffb5]" name="verifyLoginLogOut" class="com.playwright.qa.test.LoginTest"/>
        <method signature="ManageCoursesTest.verifyManageCourseNavigation()[pri:0, instance:com.playwright.qa.test.ManageCoursesTest@4b8137c5]" name="verifyManageCourseNavigation" class="com.playwright.qa.test.ManageCoursesTest"/>
        <method signature="NewUserSignUpTest.EndToEndNewUserdRegisterAndLoginSuccessfullyTest(java.lang.String,java.lang.String,java.lang.String,java.lang.String,java.lang.String)[pri:0, instance:com.playwright.qa.test.NewUserSignUpTest@5ae1c281]" name="EndToEndNewUserdRegisterAndLoginSuccessfullyTest" class="com.playwright.qa.test.NewUserSignUpTest"/>
        <method signature="NewUserSignUpTest.verifyNewUserSignUpPage()[pri:0, instance:com.playwright.qa.test.NewUserSignUpTest@5ae1c281]" name="verifyNewUserSignUpPage" class="com.playwright.qa.test.NewUserSignUpTest"/>
        <method signature="LoginTest.verifyLoginPageURLTest()[pri:1, instance:com.playwright.qa.test.LoginTest@6babffb5]" name="verifyLoginPageURLTest" class="com.playwright.qa.test.LoginTest"/>
        <method signature="LoginTest.loginPageNewUserSignUpButtonTest()[pri:2, instance:com.playwright.qa.test.LoginTest@6babffb5]" name="loginPageNewUserSignUpButtonTest" class="com.playwright.qa.test.LoginTest"/>
      </group> <!-- smoke -->
    </groups>
    <test started-at="2026-05-08T15:43:10 IST" name="Test" finished-at="2026-05-08T15:46:38 IST" duration-ms="207975">
      <class name="com.playwright.qa.test.DashboardPageTest">
        <test-method is-config="true" signature="setUp(java.lang.String)[pri:0, instance:com.playwright.qa.test.DashboardPageTest@2173a742]" started-at="2026-05-08T15:44:53 IST" name="setUp" finished-at="2026-05-08T15:44:59 IST" duration-ms="6603" status="PASS">
          <params>
            <param index="0">
              <value>
                <![CDATA[chromium]]>
              </value>
            </param>
          </params>
          <reporter-output>
          </reporter-output>
        </test-method> <!-- setUp -->
        <test-method is-config="true" signature="setUpDashboardPage()[pri:0, instance:com.playwright.qa.test.DashboardPageTest@2173a742]" started-at="2026-05-08T15:44:59 IST" name="setUpDashboardPage" finished-at="2026-05-08T15:45:02 IST" duration-ms="2276" status="PASS">
          <reporter-output>
          </reporter-output>
        </test-method> <!-- setUpDashboardPage -->
        <test-method signature="CourseNameAndPriceTest()[pri:0, instance:com.playwright.qa.test.DashboardPageTest@2173a742]" started-at="2026-05-08T15:45:02 IST" name="CourseNameAndPriceTest" finished-at="2026-05-08T15:45:03 IST" duration-ms="1030" status="PASS">
          <reporter-output>
          </reporter-output>
        </test-method> <!-- CourseNameAndPriceTest -->
        <test-method is-config="true" signature="tearDown(org.testng.ITestResult)[pri:0, instance:com.playwright.qa.test.DashboardPageTest@2173a742]" started-at="2026-05-08T15:45:03 IST" name="tearDown" finished-at="2026-05-08T15:45:07 IST" duration-ms="4120" status="PASS">
          <params>
            <param index="0">
              <value>
                <![CDATA[[TestResult name=CourseNameAndPriceTest status=SUCCESS method=DashboardPageTest.CourseNameAndPriceTest()[pri:0, instance:com.playwright.qa.test.DashboardPageTest@2173a742] output={null}]]]>
              </value>
            </param>
          </params>
          <reporter-output>
          </reporter-output>
        </test-method> <!-- tearDown -->
        <test-method is-config="true" signature="setUp(java.lang.String)[pri:0, instance:com.playwright.qa.test.DashboardPageTest@2173a742]" started-at="2026-05-08T15:45:07 IST" name="setUp" finished-at="2026-05-08T15:45:14 IST" duration-ms="6843" status="PASS">
          <params>
            <param index="0">
              <value>
                <![CDATA[chromium]]>
              </value>
            </param>
          </params>
          <reporter-output>
          </reporter-output>
        </test-method> <!-- setUp -->
        <test-method is-config="true" signature="setUpDashboardPage()[pri:0, instance:com.playwright.qa.test.DashboardPageTest@2173a742]" started-at="2026-05-08T15:45:14 IST" name="setUpDashboardPage" finished-at="2026-05-08T15:45:16 IST" duration-ms="2575" status="PASS">
          <reporter-output>
          </reporter-output>
        </test-method> <!-- setUpDashboardPage -->
        <test-method signature="CourseTest()[pri:0, instance:com.playwright.qa.test.DashboardPageTest@2173a742]" started-at="2026-05-08T15:45:16 IST" name="CourseTest" finished-at="2026-05-08T15:45:17 IST" duration-ms="848" status="PASS">
          <reporter-output>
          </reporter-output>
        </test-method> <!-- CourseTest -->
        <test-method is-config="true" signature="tearDown(org.testng.ITestResult)[pri:0, instance:com.playwright.qa.test.DashboardPageTest@2173a742]" started-at="2026-05-08T15:45:17 IST" name="tearDown" finished-at="2026-05-08T15:45:22 IST" duration-ms="4374" status="PASS">
          <params>
            <param index="0">
              <value>
                <![CDATA[[TestResult name=CourseTest status=SUCCESS method=DashboardPageTest.CourseTest()[pri:0, instance:com.playwright.qa.test.DashboardPageTest@2173a742] output={null}]]]>
              </value>
            </param>
          </params>
          <reporter-output>
          </reporter-output>
        </test-method> <!-- tearDown -->
      </class> <!-- com.playwright.qa.test.DashboardPageTest -->
      <class name="com.playwright.qa.test.LandingPageTest">
        <test-method is-config="true" signature="setUp(java.lang.String)[pri:0, instance:com.playwright.qa.test.LandingPageTest@706ceca6]" started-at="2026-05-08T15:45:22 IST" name="setUp" finished-at="2026-05-08T15:45:30 IST" duration-ms="8791" status="PASS">
          <params>
            <param index="0">
              <value>
                <![CDATA[chromium]]>
              </value>
            </param>
          </params>
          <reporter-output>
          </reporter-output>
        </test-method> <!-- setUp -->
        <test-method is-config="true" signature="setUpLandingpage()[pri:0, instance:com.playwright.qa.test.LandingPageTest@706ceca6]" started-at="2026-05-08T15:45:30 IST" name="setUpLandingpage" finished-at="2026-05-08T15:45:30 IST" duration-ms="2" status="PASS">
          <reporter-output>
          </reporter-output>
        </test-method> <!-- setUpLandingpage -->
        <test-method signature="LandingPageCoursesTest()[pri:0, instance:com.playwright.qa.test.LandingPageTest@706ceca6]" started-at="2026-05-08T15:45:30 IST" name="LandingPageCoursesTest" finished-at="2026-05-08T15:45:31 IST" duration-ms="689" status="PASS">
          <reporter-output>
          </reporter-output>
        </test-method> <!-- LandingPageCoursesTest -->
        <test-method is-config="true" signature="tearDown(org.testng.ITestResult)[pri:0, instance:com.playwright.qa.test.LandingPageTest@706ceca6]" started-at="2026-05-08T15:45:31 IST" name="tearDown" finished-at="2026-05-08T15:45:34 IST" duration-ms="3170" status="PASS">
          <params>
            <param index="0">
              <value>
                <![CDATA[[TestResult name=LandingPageCoursesTest status=SUCCESS method=LandingPageTest.LandingPageCoursesTest()[pri:0, instance:com.playwright.qa.test.LandingPageTest@706ceca6] output={null}]]]>
              </value>
            </param>
          </params>
          <reporter-output>
          </reporter-output>
        </test-method> <!-- tearDown -->
        <test-method is-config="true" signature="setUp(java.lang.String)[pri:0, instance:com.playwright.qa.test.LandingPageTest@706ceca6]" started-at="2026-05-08T15:45:34 IST" name="setUp" finished-at="2026-05-08T15:45:40 IST" duration-ms="5679" status="PASS">
          <params>
            <param index="0">
              <value>
                <![CDATA[chromium]]>
              </value>
            </param>
          </params>
          <reporter-output>
          </reporter-output>
        </test-method> <!-- setUp -->
        <test-method is-config="true" signature="setUpLandingpage()[pri:0, instance:com.playwright.qa.test.LandingPageTest@706ceca6]" started-at="2026-05-08T15:45:40 IST" name="setUpLandingpage" finished-at="2026-05-08T15:45:40 IST" duration-ms="8" status="PASS">
          <reporter-output>
          </reporter-output>
        </test-method> <!-- setUpLandingpage -->
        <test-method signature="LandingPageTitleTest()[pri:0, instance:com.playwright.qa.test.LandingPageTest@706ceca6]" started-at="2026-05-08T15:45:40 IST" name="LandingPageTitleTest" finished-at="2026-05-08T15:45:40 IST" duration-ms="89" status="PASS">
          <reporter-output>
          </reporter-output>
        </test-method> <!-- LandingPageTitleTest -->
        <test-method is-config="true" signature="tearDown(org.testng.ITestResult)[pri:0, instance:com.playwright.qa.test.LandingPageTest@706ceca6]" started-at="2026-05-08T15:45:40 IST" name="tearDown" finished-at="2026-05-08T15:45:42 IST" duration-ms="1603" status="PASS">
          <params>
            <param index="0">
              <value>
                <![CDATA[[TestResult name=LandingPageTitleTest status=SUCCESS method=LandingPageTest.LandingPageTitleTest()[pri:0, instance:com.playwright.qa.test.LandingPageTest@706ceca6] output={null}]]]>
              </value>
            </param>
          </params>
          <reporter-output>
          </reporter-output>
        </test-method> <!-- tearDown -->
      </class> <!-- com.playwright.qa.test.LandingPageTest -->
      <class name="com.playwright.qa.test.LoginTest">
        <test-method is-config="true" signature="setUp(java.lang.String)[pri:0, instance:com.playwright.qa.test.LoginTest@6babffb5]" started-at="2026-05-08T15:44:19 IST" name="setUp" finished-at="2026-05-08T15:44:26 IST" duration-ms="6750" status="PASS">
          <params>
            <param index="0">
              <value>
                <![CDATA[chromium]]>
              </value>
            </param>
          </params>
          <reporter-output>
          </reporter-output>
        </test-method> <!-- setUp -->
        <test-method is-config="true" signature="setUpLoginPage()[pri:0, instance:com.playwright.qa.test.LoginTest@6babffb5]" started-at="2026-05-08T15:44:26 IST" name="setUpLoginPage" finished-at="2026-05-08T15:44:26 IST" duration-ms="2" status="PASS">
          <reporter-output>
          </reporter-output>
        </test-method> <!-- setUpLoginPage -->
        <test-method signature="verifyLoginLogOut()[pri:0, instance:com.playwright.qa.test.LoginTest@6babffb5]" started-at="2026-05-08T15:44:26 IST" name="verifyLoginLogOut" finished-at="2026-05-08T15:44:30 IST" duration-ms="4528" status="PASS">
          <reporter-output>
          </reporter-output>
        </test-method> <!-- verifyLoginLogOut -->
        <test-method is-config="true" signature="tearDown(org.testng.ITestResult)[pri:0, instance:com.playwright.qa.test.LoginTest@6babffb5]" started-at="2026-05-08T15:44:31 IST" name="tearDown" finished-at="2026-05-08T15:44:34 IST" duration-ms="3835" status="PASS">
          <params>
            <param index="0">
              <value>
                <![CDATA[[TestResult name=verifyLoginLogOut status=SUCCESS method=LoginTest.verifyLoginLogOut()[pri:0, instance:com.playwright.qa.test.LoginTest@6babffb5] output={null}]]]>
              </value>
            </param>
          </params>
          <reporter-output>
          </reporter-output>
        </test-method> <!-- tearDown -->
        <test-method is-config="true" signature="setUp(java.lang.String)[pri:0, instance:com.playwright.qa.test.LoginTest@6babffb5]" started-at="2026-05-08T15:44:34 IST" name="setUp" finished-at="2026-05-08T15:44:40 IST" duration-ms="5060" status="PASS">
          <params>
            <param index="0">
              <value>
                <![CDATA[chromium]]>
              </value>
            </param>
          </params>
          <reporter-output>
          </reporter-output>
        </test-method> <!-- setUp -->
        <test-method is-config="true" signature="setUpLoginPage()[pri:0, instance:com.playwright.qa.test.LoginTest@6babffb5]" started-at="2026-05-08T15:44:40 IST" name="setUpLoginPage" finished-at="2026-05-08T15:44:40 IST" duration-ms="2" status="PASS">
          <reporter-output>
          </reporter-output>
        </test-method> <!-- setUpLoginPage -->
        <test-method signature="verifyLoginPageURLTest()[pri:1, instance:com.playwright.qa.test.LoginTest@6babffb5]" started-at="2026-05-08T15:44:40 IST" name="verifyLoginPageURLTest" finished-at="2026-05-08T15:44:41 IST" duration-ms="1526" status="PASS">
          <reporter-output>
          </reporter-output>
        </test-method> <!-- verifyLoginPageURLTest -->
        <test-method is-config="true" signature="tearDown(org.testng.ITestResult)[pri:0, instance:com.playwright.qa.test.LoginTest@6babffb5]" started-at="2026-05-08T15:44:41 IST" name="tearDown" finished-at="2026-05-08T15:44:43 IST" duration-ms="1996" status="PASS">
          <params>
            <param index="0">
              <value>
                <![CDATA[[TestResult name=verifyLoginPageURLTest status=SUCCESS method=LoginTest.verifyLoginPageURLTest()[pri:1, instance:com.playwright.qa.test.LoginTest@6babffb5] output={null}]]]>
              </value>
            </param>
          </params>
          <reporter-output>
          </reporter-output>
        </test-method> <!-- tearDown -->
        <test-method is-config="true" signature="setUp(java.lang.String)[pri:0, instance:com.playwright.qa.test.LoginTest@6babffb5]" started-at="2026-05-08T15:44:43 IST" name="setUp" finished-at="2026-05-08T15:44:49 IST" duration-ms="5469" status="PASS">
          <params>
            <param index="0">
              <value>
                <![CDATA[chromium]]>
              </value>
            </param>
          </params>
          <reporter-output>
          </reporter-output>
        </test-method> <!-- setUp -->
        <test-method is-config="true" signature="setUpLoginPage()[pri:0, instance:com.playwright.qa.test.LoginTest@6babffb5]" started-at="2026-05-08T15:44:49 IST" name="setUpLoginPage" finished-at="2026-05-08T15:44:49 IST" duration-ms="5" status="PASS">
          <reporter-output>
          </reporter-output>
        </test-method> <!-- setUpLoginPage -->
        <test-method signature="loginPageNewUserSignUpButtonTest()[pri:2, instance:com.playwright.qa.test.LoginTest@6babffb5]" started-at="2026-05-08T15:44:49 IST" name="loginPageNewUserSignUpButtonTest" finished-at="2026-05-08T15:44:50 IST" duration-ms="1775" status="PASS">
          <reporter-output>
          </reporter-output>
        </test-method> <!-- loginPageNewUserSignUpButtonTest -->
        <test-method is-config="true" signature="tearDown(org.testng.ITestResult)[pri:0, instance:com.playwright.qa.test.LoginTest@6babffb5]" started-at="2026-05-08T15:44:50 IST" name="tearDown" finished-at="2026-05-08T15:44:53 IST" duration-ms="2150" status="PASS">
          <params>
            <param index="0">
              <value>
                <![CDATA[[TestResult name=loginPageNewUserSignUpButtonTest status=SUCCESS method=LoginTest.loginPageNewUserSignUpButtonTest()[pri:2, instance:com.playwright.qa.test.LoginTest@6babffb5] output={null}]]]>
              </value>
            </param>
          </params>
          <reporter-output>
          </reporter-output>
        </test-method> <!-- tearDown -->
      </class> <!-- com.playwright.qa.test.LoginTest -->
      <class name="com.playwright.qa.test.NewUserSignUpTest">
        <test-method is-config="true" signature="globalSetup()[pri:0, instance:com.playwright.qa.test.NewUserSignUpTest@5ae1c281]" started-at="2026-05-08T15:43:09 IST" name="globalSetup" finished-at="2026-05-08T15:43:10 IST" duration-ms="227" status="PASS">
          <reporter-output>
          </reporter-output>
        </test-method> <!-- globalSetup -->
        <test-method is-config="true" signature="setUp(java.lang.String)[pri:0, instance:com.playwright.qa.test.NewUserSignUpTest@5ae1c281]" started-at="2026-05-08T15:43:14 IST" name="setUp" finished-at="2026-05-08T15:43:29 IST" duration-ms="14330" status="PASS">
          <params>
            <param index="0">
              <value>
                <![CDATA[chromium]]>
              </value>
            </param>
          </params>
          <reporter-output>
          </reporter-output>
        </test-method> <!-- setUp -->
        <test-method is-config="true" signature="setUpnewUserSignUpPage()[pri:0, instance:com.playwright.qa.test.NewUserSignUpTest@5ae1c281]" started-at="2026-05-08T15:43:29 IST" name="setUpnewUserSignUpPage" finished-at="2026-05-08T15:43:31 IST" duration-ms="2579" status="PASS">
          <reporter-output>
          </reporter-output>
        </test-method> <!-- setUpnewUserSignUpPage -->
        <test-method signature="EndToEndNewUserdRegisterAndLoginSuccessfullyTest(java.lang.String,java.lang.String,java.lang.String,java.lang.String,java.lang.String)[pri:0, instance:com.playwright.qa.test.NewUserSignUpTest@5ae1c281]" started-at="2026-05-08T15:43:31 IST" name="EndToEndNewUserdRegisterAndLoginSuccessfullyTest" data-provider="signupData" finished-at="2026-05-08T15:43:35 IST" duration-ms="3606" status="PASS">
          <params>
            <param index="0">
              <value>
                <![CDATA[Ram Kumar]]>
              </value>
            </param>
            <param index="1">
              <value>
                <![CDATA[admin@email.com]]>
              </value>
            </param>
            <param index="2">
              <value>
                <![CDATA[Admin@123]]>
              </value>
            </param>
            <param index="3">
              <value>
                <![CDATA[Andhra Pradesh]]>
              </value>
            </param>
            <param index="4">
              <value>
                <![CDATA[Playing,Reading]]>
              </value>
            </param>
          </params>
          <reporter-output>
          </reporter-output>
        </test-method> <!-- EndToEndNewUserdRegisterAndLoginSuccessfullyTest -->
        <test-method is-config="true" signature="tearDown(org.testng.ITestResult)[pri:0, instance:com.playwright.qa.test.NewUserSignUpTest@5ae1c281]" started-at="2026-05-08T15:43:35 IST" name="tearDown" finished-at="2026-05-08T15:43:40 IST" duration-ms="4716" status="PASS">
          <params>
            <param index="0">
              <value>
                <![CDATA[[TestResult name=EndToEndNewUserdRegisterAndLoginSuccessfullyTest status=SUCCESS method=NewUserSignUpTest.EndToEndNewUserdRegisterAndLoginSuccessfullyTest(java.lang.String,java.lang.String,java.lang.String,java.lang.String,java.lang.String)[pri:0, instance:com.playwright.qa.test.NewUserSignUpTest@5ae1c281] output={null}]]]>
              </value>
            </param>
          </params>
          <reporter-output>
          </reporter-output>
        </test-method> <!-- tearDown -->
        <test-method is-config="true" signature="setUp(java.lang.String)[pri:0, instance:com.playwright.qa.test.NewUserSignUpTest@5ae1c281]" started-at="2026-05-08T15:43:40 IST" name="setUp" finished-at="2026-05-08T15:43:46 IST" duration-ms="6616" status="PASS">
          <params>
            <param index="0">
              <value>
                <![CDATA[chromium]]>
              </value>
            </param>
          </params>
          <reporter-output>
          </reporter-output>
        </test-method> <!-- setUp -->
        <test-method is-config="true" signature="setUpnewUserSignUpPage()[pri:0, instance:com.playwright.qa.test.NewUserSignUpTest@5ae1c281]" started-at="2026-05-08T15:43:46 IST" name="setUpnewUserSignUpPage" finished-at="2026-05-08T15:43:49 IST" duration-ms="2146" status="PASS">
          <reporter-output>
          </reporter-output>
        </test-method> <!-- setUpnewUserSignUpPage -->
        <test-method signature="EndToEndNewUserdRegisterAndLoginSuccessfullyTest(java.lang.String,java.lang.String,java.lang.String,java.lang.String,java.lang.String)[pri:0, instance:com.playwright.qa.test.NewUserSignUpTest@5ae1c281]" started-at="2026-05-08T15:43:49 IST" name="EndToEndNewUserdRegisterAndLoginSuccessfullyTest" data-provider="signupData" finished-at="2026-05-08T15:43:53 IST" duration-ms="4230" status="PASS">
          <params>
            <param index="0">
              <value>
                <![CDATA[Sam Singh]]>
              </value>
            </param>
            <param index="1">
              <value>
                <![CDATA[admin1@email.com]]>
              </value>
            </param>
            <param index="2">
              <value>
                <![CDATA[Admin@123]]>
              </value>
            </param>
            <param index="3">
              <value>
                <![CDATA[Uttar Pradesh]]>
              </value>
            </param>
            <param index="4">
              <value>
                <![CDATA[Swimming,Singing]]>
              </value>
            </param>
          </params>
          <reporter-output>
          </reporter-output>
        </test-method> <!-- EndToEndNewUserdRegisterAndLoginSuccessfullyTest -->
        <test-method is-config="true" signature="tearDown(org.testng.ITestResult)[pri:0, instance:com.playwright.qa.test.NewUserSignUpTest@5ae1c281]" started-at="2026-05-08T15:43:53 IST" name="tearDown" finished-at="2026-05-08T15:44:03 IST" duration-ms="10242" status="PASS">
          <params>
            <param index="0">
              <value>
                <![CDATA[[TestResult name=EndToEndNewUserdRegisterAndLoginSuccessfullyTest status=SUCCESS method=NewUserSignUpTest.EndToEndNewUserdRegisterAndLoginSuccessfullyTest(java.lang.String,java.lang.String,java.lang.String,java.lang.String,java.lang.String)[pri:0, instance:com.playwright.qa.test.NewUserSignUpTest@5ae1c281] output={null}]]]>
              </value>
            </param>
          </params>
          <reporter-output>
          </reporter-output>
        </test-method> <!-- tearDown -->
        <test-method is-config="true" signature="setUp(java.lang.String)[pri:0, instance:com.playwright.qa.test.NewUserSignUpTest@5ae1c281]" started-at="2026-05-08T15:44:03 IST" name="setUp" finished-at="2026-05-08T15:44:12 IST" duration-ms="8894" status="PASS">
          <params>
            <param index="0">
              <value>
                <![CDATA[chromium]]>
              </value>
            </param>
          </params>
          <reporter-output>
          </reporter-output>
        </test-method> <!-- setUp -->
        <test-method is-config="true" signature="setUpnewUserSignUpPage()[pri:0, instance:com.playwright.qa.test.NewUserSignUpTest@5ae1c281]" started-at="2026-05-08T15:44:12 IST" name="setUpnewUserSignUpPage" finished-at="2026-05-08T15:44:15 IST" duration-ms="2238" status="PASS">
          <reporter-output>
          </reporter-output>
        </test-method> <!-- setUpnewUserSignUpPage -->
        <test-method signature="verifyNewUserSignUpPage()[pri:0, instance:com.playwright.qa.test.NewUserSignUpTest@5ae1c281]" started-at="2026-05-08T15:44:15 IST" name="verifyNewUserSignUpPage" finished-at="2026-05-08T15:44:15 IST" duration-ms="422" status="PASS">
          <reporter-output>
          </reporter-output>
        </test-method> <!-- verifyNewUserSignUpPage -->
        <test-method is-config="true" signature="tearDown(org.testng.ITestResult)[pri:0, instance:com.playwright.qa.test.NewUserSignUpTest@5ae1c281]" started-at="2026-05-08T15:44:15 IST" name="tearDown" finished-at="2026-05-08T15:44:19 IST" duration-ms="3857" status="PASS">
          <params>
            <param index="0">
              <value>
                <![CDATA[[TestResult name=verifyNewUserSignUpPage status=SUCCESS method=NewUserSignUpTest.verifyNewUserSignUpPage()[pri:0, instance:com.playwright.qa.test.NewUserSignUpTest@5ae1c281] output={null}]]]>
              </value>
            </param>
          </params>
          <reporter-output>
          </reporter-output>
        </test-method> <!-- tearDown -->
      </class> <!-- com.playwright.qa.test.NewUserSignUpTest -->
      <class name="com.playwright.qa.test.ManageCoursesTest">
        <test-method is-config="true" signature="setUp(java.lang.String)[pri:0, instance:com.playwright.qa.test.ManageCoursesTest@4b8137c5]" started-at="2026-05-08T15:46:14 IST" name="setUp" finished-at="2026-05-08T15:46:21 IST" duration-ms="6610" status="PASS">
          <params>
            <param index="0">
              <value>
                <![CDATA[chromium]]>
              </value>
            </param>
          </params>
          <reporter-output>
          </reporter-output>
        </test-method> <!-- setUp -->
        <test-method is-config="true" signature="setUpDashboardPage()[pri:0, instance:com.playwright.qa.test.ManageCoursesTest@4b8137c5]" started-at="2026-05-08T15:46:21 IST" name="setUpDashboardPage" finished-at="2026-05-08T15:46:26 IST" duration-ms="5015" status="PASS">
          <reporter-output>
          </reporter-output>
        </test-method> <!-- setUpDashboardPage -->
        <test-method signature="verifyManageCourseNavigation()[pri:0, instance:com.playwright.qa.test.ManageCoursesTest@4b8137c5]" started-at="2026-05-08T15:46:26 IST" name="verifyManageCourseNavigation" finished-at="2026-05-08T15:46:27 IST" duration-ms="657" status="PASS">
          <reporter-output>
          </reporter-output>
        </test-method> <!-- verifyManageCourseNavigation -->
        <test-method is-config="true" signature="tearDown(org.testng.ITestResult)[pri:0, instance:com.playwright.qa.test.ManageCoursesTest@4b8137c5]" started-at="2026-05-08T15:46:27 IST" name="tearDown" finished-at="2026-05-08T15:46:38 IST" duration-ms="10677" status="PASS">
          <params>
            <param index="0">
              <value>
                <![CDATA[[TestResult name=verifyManageCourseNavigation status=SUCCESS method=ManageCoursesTest.verifyManageCourseNavigation()[pri:0, instance:com.playwright.qa.test.ManageCoursesTest@4b8137c5] output={null}]]]>
              </value>
            </param>
          </params>
          <reporter-output>
          </reporter-output>
        </test-method> <!-- tearDown -->
      </class> <!-- com.playwright.qa.test.ManageCoursesTest -->
      <class name="com.playwright.qa.test.CartPageTest">
        <test-method is-config="true" signature="setUp(java.lang.String)[pri:0, instance:com.playwright.qa.test.CartPageTest@7f6329cb]" started-at="2026-05-08T15:45:42 IST" name="setUp" finished-at="2026-05-08T15:45:47 IST" duration-ms="5457" status="PASS">
          <params>
            <param index="0">
              <value>
                <![CDATA[chromium]]>
              </value>
            </param>
          </params>
          <reporter-output>
          </reporter-output>
        </test-method> <!-- setUp -->
        <test-method is-config="true" signature="setUpCartPage()[pri:0, instance:com.playwright.qa.test.CartPageTest@7f6329cb]" started-at="2026-05-08T15:45:47 IST" name="setUpCartPage" finished-at="2026-05-08T15:45:50 IST" duration-ms="2271" status="PASS">
          <reporter-output>
          </reporter-output>
        </test-method> <!-- setUpCartPage -->
        <test-method signature="enrollNowCourseTest()[pri:0, instance:com.playwright.qa.test.CartPageTest@7f6329cb]" started-at="2026-05-08T15:45:50 IST" name="enrollNowCourseTest" finished-at="2026-05-08T15:45:53 IST" duration-ms="3363" status="PASS">
          <reporter-output>
          </reporter-output>
        </test-method> <!-- enrollNowCourseTest -->
        <test-method is-config="true" signature="tearDown(org.testng.ITestResult)[pri:0, instance:com.playwright.qa.test.CartPageTest@7f6329cb]" started-at="2026-05-08T15:45:53 IST" name="tearDown" finished-at="2026-05-08T15:45:58 IST" duration-ms="5027" status="PASS">
          <params>
            <param index="0">
              <value>
                <![CDATA[[TestResult name=enrollNowCourseTest status=SUCCESS method=CartPageTest.enrollNowCourseTest()[pri:0, instance:com.playwright.qa.test.CartPageTest@7f6329cb] output={null}]]]>
              </value>
            </param>
          </params>
          <reporter-output>
          </reporter-output>
        </test-method> <!-- tearDown -->
        <test-method is-config="true" signature="setUp(java.lang.String)[pri:0, instance:com.playwright.qa.test.CartPageTest@7f6329cb]" started-at="2026-05-08T15:45:58 IST" name="setUp" finished-at="2026-05-08T15:46:08 IST" duration-ms="9572" status="PASS">
          <params>
            <param index="0">
              <value>
                <![CDATA[chromium]]>
              </value>
            </param>
          </params>
          <reporter-output>
          </reporter-output>
        </test-method> <!-- setUp -->
        <test-method is-config="true" signature="setUpCartPage()[pri:0, instance:com.playwright.qa.test.CartPageTest@7f6329cb]" started-at="2026-05-08T15:46:08 IST" name="setUpCartPage" finished-at="2026-05-08T15:46:10 IST" duration-ms="2178" status="PASS">
          <reporter-output>
          </reporter-output>
        </test-method> <!-- setUpCartPage -->
        <test-method signature="verifyCartEndToEndFlowTest()[pri:0, instance:com.playwright.qa.test.CartPageTest@7f6329cb]" started-at="2026-05-08T15:46:10 IST" name="verifyCartEndToEndFlowTest" finished-at="2026-05-08T15:46:11 IST" duration-ms="1023" status="PASS">
          <reporter-output>
          </reporter-output>
        </test-method> <!-- verifyCartEndToEndFlowTest -->
        <test-method is-config="true" signature="tearDown(org.testng.ITestResult)[pri:0, instance:com.playwright.qa.test.CartPageTest@7f6329cb]" started-at="2026-05-08T15:46:11 IST" name="tearDown" finished-at="2026-05-08T15:46:14 IST" duration-ms="3484" status="PASS">
          <params>
            <param index="0">
              <value>
                <![CDATA[[TestResult name=verifyCartEndToEndFlowTest status=SUCCESS method=CartPageTest.verifyCartEndToEndFlowTest()[pri:0, instance:com.playwright.qa.test.CartPageTest@7f6329cb] output={null}]]]>
              </value>
            </param>
          </params>
          <reporter-output>
          </reporter-output>
        </test-method> <!-- tearDown -->
      </class> <!-- com.playwright.qa.test.CartPageTest -->
    </test> <!-- Test -->
  </suite> <!-- Suite Smoke -->
</testng-results>
