<?xml version="1.0" encoding="UTF-8"?>
<!-- Generated by org.testng.reporters.JUnitXMLReporter -->
<testsuite ignored="7" hostname="HIPL-LT64" failures="6" tests="6" name="Smoke Tests" time="1.107" errors="0" timestamp="2026-04-22T13:42:41 IST">
  <testcase classname="com.playwright.qa.test.NewUserSignUpTest" name="EndToEndNewUserdRegisterAndLoginSuccessfullyTest" time="0.028">
    <failure type="java.lang.NullPointerException" message="Cannot invoke &amp;quot;com.playwright.qa.pages.SignUpPage.enterUserDetails(String, String, String, String, String[])&amp;quot; because &amp;quot;this.signUpPage&amp;quot; is null">
      <![CDATA[java.lang.NullPointerException: Cannot invoke "com.playwright.qa.pages.SignUpPage.enterUserDetails(String, String, String, String, String[])" because "this.signUpPage" is null
at com.playwright.qa.test.NewUserSignUpTest.EndToEndNewUserdRegisterAndLoginSuccessfullyTest(NewUserSignUpTest.java:64)
at java.base/java.util.ArrayList.forEach(ArrayList.java:1511)
... Removed 25 stack frames]]>
    </failure>
  </testcase> <!-- EndToEndNewUserdRegisterAndLoginSuccessfullyTest -->
  <testcase classname="com.playwright.qa.test.NewUserSignUpTest" name="EndToEndNewUserdRegisterAndLoginSuccessfullyTest" time="0.002">
    <failure type="java.lang.NullPointerException" message="Cannot invoke &amp;quot;com.playwright.qa.pages.SignUpPage.enterUserDetails(String, String, String, String, String[])&amp;quot; because &amp;quot;this.signUpPage&amp;quot; is null">
      <![CDATA[java.lang.NullPointerException: Cannot invoke "com.playwright.qa.pages.SignUpPage.enterUserDetails(String, String, String, String, String[])" because "this.signUpPage" is null
at com.playwright.qa.test.NewUserSignUpTest.EndToEndNewUserdRegisterAndLoginSuccessfullyTest(NewUserSignUpTest.java:64)
at java.base/java.util.ArrayList.forEach(ArrayList.java:1511)
... Removed 25 stack frames]]>
    </failure>
  </testcase> <!-- EndToEndNewUserdRegisterAndLoginSuccessfullyTest -->
  <testcase classname="com.playwright.qa.test.NewUserSignUpTest" name="verifyNewUserSignUpPage" time="0.004">
    <failure type="java.lang.NullPointerException" message="Cannot invoke &amp;quot;com.playwright.qa.pages.SignUpPage.isSignUpPageOpened()&amp;quot; because &amp;quot;this.signUpPage&amp;quot; is null">
      <![CDATA[java.lang.NullPointerException: Cannot invoke "com.playwright.qa.pages.SignUpPage.isSignUpPageOpened()" because "this.signUpPage" is null
at com.playwright.qa.test.NewUserSignUpTest.verifyNewUserSignUpPage(NewUserSignUpTest.java:30)
at java.base/java.util.ArrayList.forEach(ArrayList.java:1511)
... Removed 25 stack frames]]>
    </failure>
  </testcase> <!-- verifyNewUserSignUpPage -->
  <testcase classname="com.playwright.qa.test.LoginTest" name="loginPageNewUserSignUpButtonTest" time="0.005">
    <failure type="java.lang.NullPointerException" message="Cannot invoke &amp;quot;com.playwright.qa.pages.LandingPage.clickloginButton()&amp;quot; because &amp;quot;this.landingPage&amp;quot; is null">
      <![CDATA[java.lang.NullPointerException: Cannot invoke "com.playwright.qa.pages.LandingPage.clickloginButton()" because "this.landingPage" is null
at com.playwright.qa.test.LoginTest.loginPageNewUserSignUpButtonTest(LoginTest.java:48)
at java.base/java.util.ArrayList.forEach(ArrayList.java:1511)
... Removed 25 stack frames]]>
    </failure>
  </testcase> <!-- loginPageNewUserSignUpButtonTest -->
  <testcase classname="com.playwright.qa.test.LoginTest" name="verifyLoginLogOut" time="0.002">
    <failure type="java.lang.NullPointerException" message="Cannot invoke &amp;quot;com.playwright.qa.pages.LandingPage.clickloginButton()&amp;quot; because &amp;quot;this.landingPage&amp;quot; is null">
      <![CDATA[java.lang.NullPointerException: Cannot invoke "com.playwright.qa.pages.LandingPage.clickloginButton()" because "this.landingPage" is null
at com.playwright.qa.test.LoginTest.verifyLoginLogOut(LoginTest.java:27)
at java.base/java.util.ArrayList.forEach(ArrayList.java:1511)
... Removed 25 stack frames]]>
    </failure>
  </testcase> <!-- verifyLoginLogOut -->
  <testcase classname="com.playwright.qa.test.LoginTest" name="verifyLoginPageURLTest" time="0.003">
    <failure type="java.lang.NullPointerException" message="Cannot invoke &amp;quot;com.playwright.qa.pages.LandingPage.clickloginButton()&amp;quot; because &amp;quot;this.landingPage&amp;quot; is null">
      <![CDATA[java.lang.NullPointerException: Cannot invoke "com.playwright.qa.pages.LandingPage.clickloginButton()" because "this.landingPage" is null
at com.playwright.qa.test.LoginTest.verifyLoginPageURLTest(LoginTest.java:39)
at java.base/java.util.ArrayList.forEach(ArrayList.java:1511)
... Removed 25 stack frames]]>
    </failure>
  </testcase> <!-- verifyLoginPageURLTest -->
  <testcase classname="com.playwright.qa.test.LoginTest" name="loginPageSocialMediaButtonTest" time="0.0">
    <ignored/>
  </testcase> <!-- loginPageSocialMediaButtonTest -->
  <testcase classname="com.playwright.qa.test.NewUserSignUpTest" name="verifyNewUserSignUpEmailAlreadyRegistered" time="0.0">
    <ignored/>
  </testcase> <!-- verifyNewUserSignUpEmailAlreadyRegistered -->
  <testcase classname="com.playwright.qa.test.NewUserSignUpTest" name="passwordMimimumLengthTest" time="0.0">
    <ignored/>
  </testcase> <!-- passwordMimimumLengthTest -->
  <testcase classname="com.playwright.qa.test.LoginTest" name="loginWithPasswordAndEmptyEmailTest" time="0.0">
    <ignored/>
  </testcase> <!-- loginWithPasswordAndEmptyEmailTest -->
  <testcase classname="com.playwright.qa.test.LoginTest" name="loginWithEmailAndEmptyPasswordTest" time="0.0">
    <ignored/>
  </testcase> <!-- loginWithEmailAndEmptyPasswordTest -->
  <testcase classname="com.playwright.qa.test.LoginTest" name="unregisteredEmailUserTest" time="0.0">
    <ignored/>
  </testcase> <!-- unregisteredEmailUserTest -->
  <testcase classname="com.playwright.qa.test.LoginTest" name="loginWithOutEmailPasswordTest" time="0.0">
    <ignored/>
  </testcase> <!-- loginWithOutEmailPasswordTest -->
</testsuite> <!-- Smoke Tests -->
