<?xml version="1.0" encoding="UTF-8"?>
<!-- Generated by org.testng.reporters.JUnitReportReporter -->
<testsuite hostname="HIPL-LT64" failures="0" tests="2" name="com.playwright.qa.test.LandingPageTest" time="20.031" errors="0" timestamp="2026-05-08T15:46:40 IST" skipped="0">
  <testcase classname="com.playwright.qa.test.LandingPageTest" name="LandingPageTitleTest" time="7.379"/>
  <testcase classname="com.playwright.qa.test.LandingPageTest" name="LandingPageCoursesTest" time="12.652"/>
</testsuite> <!-- com.playwright.qa.test.LandingPageTest -->
