<?xml version="1.0" encoding="UTF-8"?>
<!-- Generated by org.testng.reporters.JUnitReportReporter -->
<testsuite hostname="HIPL-LT64" failures="0" tests="2" name="com.playwright.qa.test.DashboardPageTest" time="28.669" errors="0" timestamp="2026-05-08T15:46:40 IST" skipped="0">
  <testcase classname="com.playwright.qa.test.DashboardPageTest" name="CourseTest" time="14.146"/>
  <testcase classname="com.playwright.qa.test.DashboardPageTest" name="CourseNameAndPriceTest" time="14.523"/>
</testsuite> <!-- com.playwright.qa.test.DashboardPageTest -->
