<?xml version="1.0" encoding="UTF-8"?>
<!-- Generated by org.testng.reporters.JUnitReportReporter -->
<testsuite hostname="HIPL-LT64" failures="0" tests="3" name="com.playwright.qa.test.LoginTest" time="28.589" errors="0" timestamp="2026-05-07T18:47:26 IST" skipped="0">
  <testcase classname="com.playwright.qa.test.LoginTest" name="verifyLoginLogOut" time="13.634"/>
  <testcase classname="com.playwright.qa.test.LoginTest" name="verifyLoginPageURLTest" time="7.601"/>
  <testcase classname="com.playwright.qa.test.LoginTest" name="loginPageNewUserSignUpButtonTest" time="7.354"/>
</testsuite> <!-- com.playwright.qa.test.LoginTest -->
