<?xml version="1.0" encoding="UTF-8"?>
<!-- Generated by org.testng.reporters.JUnitReportReporter -->
<testsuite hostname="HIPL-LT64" failures="0" tests="2" name="com.playwright.qa.test.LandingPageTest" time="11.894" errors="0" timestamp="2026-05-07T18:47:26 IST" skipped="0">
  <testcase classname="com.playwright.qa.test.LandingPageTest" name="LandingPageCoursesTest" time="6.149"/>
  <testcase classname="com.playwright.qa.test.LandingPageTest" name="LandingPageTitleTest" time="5.745"/>
</testsuite> <!-- com.playwright.qa.test.LandingPageTest -->
