<?xml version="1.0" encoding="UTF-8"?>
<!-- Generated by org.testng.reporters.JUnitReportReporter -->
<testsuite hostname="HIPL-LT64" failures="0" tests="2" name="com.playwright.qa.test.CartPageTest" time="18.191" errors="0" timestamp="2026-05-07T18:47:26 IST" skipped="0">
  <testcase classname="com.playwright.qa.test.CartPageTest" name="enrollNowCourseTest" time="9.890"/>
  <testcase classname="com.playwright.qa.test.CartPageTest" name="verifyCartEndToEndFlowTest" time="8.301"/>
</testsuite> <!-- com.playwright.qa.test.CartPageTest -->
