<?xml version="1.0" encoding="UTF-8"?>
<!-- Generated by org.testng.reporters.JUnitReportReporter -->
<testsuite hostname="HIPL-LT64" failures="0" tests="3" name="com.playwright.qa.test.NewUserSignUpTest" time="42.657" errors="0" timestamp="2026-05-07T18:47:26 IST" skipped="0">
  <testcase classname="com.playwright.qa.test.NewUserSignUpTest" name="EndToEndNewUserdRegisterAndLoginSuccessfullyTest" time="12.491"/>
  <testcase classname="com.playwright.qa.test.NewUserSignUpTest" name="EndToEndNewUserdRegisterAndLoginSuccessfullyTest" time="10.383"/>
  <testcase classname="com.playwright.qa.test.NewUserSignUpTest" name="verifyNewUserSignUpPage" time="19.783"/>
</testsuite> <!-- com.playwright.qa.test.NewUserSignUpTest -->
