<?xml version="1.0" encoding="UTF-8"?>
<!-- Generated by org.testng.reporters.JUnitReportReporter -->
<testsuite hostname="HIPL-LT64" failures="0" tests="2" name="com.playwright.qa.test.CartPageTest" time="32.375" errors="0" timestamp="2026-05-08T15:46:40 IST" skipped="0">
  <testcase classname="com.playwright.qa.test.CartPageTest" name="verifyCartEndToEndFlowTest" time="12.142"/>
  <testcase classname="com.playwright.qa.test.CartPageTest" name="enrollNowCourseTest" time="20.233"/>
</testsuite> <!-- com.playwright.qa.test.CartPageTest -->
