<?xml version="1.0" encoding="UTF-8"?>
<!-- Generated by org.testng.reporters.JUnitReportReporter -->
<testsuite hostname="HIPL-LT64" failures="0" tests="3" name="com.playwright.qa.test.LandingPageTest" time="15.006" errors="0" timestamp="2026-04-27T20:22:05 IST" skipped="0">
  <testcase classname="com.playwright.qa.test.LandingPageTest" name="LandingPageSocialMediaIconsTest" time="4.800"/>
  <testcase classname="com.playwright.qa.test.LandingPageTest" name="LandingPageTitleTest" time="4.343"/>
  <testcase classname="com.playwright.qa.test.LandingPageTest" name="LandingPageCoursesTest" time="5.863"/>
</testsuite> <!-- com.playwright.qa.test.LandingPageTest -->
