<?xml version="1.0" encoding="UTF-8"?>
<!-- Generated by org.testng.reporters.JUnitReportReporter -->
<testsuite hostname="HIPL-LT64" failures="0" tests="4" name="com.playwright.qa.test.DashboardPageTest" time="25.507" errors="0" timestamp="2026-04-27T20:22:05 IST" skipped="0">
  <testcase classname="com.playwright.qa.test.DashboardPageTest" name="CourseTest" time="6.780"/>
  <testcase classname="com.playwright.qa.test.DashboardPageTest" name="verifyAddSpecificCourseToCart" time="6.089"/>
  <testcase classname="com.playwright.qa.test.DashboardPageTest" name="CourseNameAndPriceTest" time="6.171"/>
  <testcase classname="com.playwright.qa.test.DashboardPageTest" name="verifyCourseNameAndPriceFromTestDataTest" time="6.467"/>
</testsuite> <!-- com.playwright.qa.test.DashboardPageTest -->
