<?xml version="1.0" encoding="UTF-8"?>
<!-- Generated by org.testng.reporters.JUnitReportReporter -->
<testsuite hostname="HIPL-LT64" failures="0" tests="4" name="com.playwright.qa.test.CartPageTest" time="28.269" errors="0" timestamp="2026-04-27T20:22:05 IST" skipped="0">
  <testcase classname="com.playwright.qa.test.CartPageTest" name="verifyCartEndToEndFlowTest" time="6.346"/>
  <testcase classname="com.playwright.qa.test.CartPageTest" name="toastMessageTest" time="7.086"/>
  <testcase classname="com.playwright.qa.test.CartPageTest" name="enrollNowCourseTest" time="7.795"/>
  <testcase classname="com.playwright.qa.test.CartPageTest" name="UpdateAndRemoveCartTest" time="7.042"/>
</testsuite> <!-- com.playwright.qa.test.CartPageTest -->
