<?xml version="1.0" encoding="UTF-8"?>
<!-- Generated by org.testng.reporters.JUnitReportReporter -->
<testsuite hostname="HIPL-LT64" failures="0" tests="8" name="com.playwright.qa.test.LoginTest" time="52.861" errors="0" timestamp="2026-04-27T20:22:05 IST" skipped="0">
  <testcase classname="com.playwright.qa.test.LoginTest" name="verifyLoginLogOut" time="7.050"/>
  <testcase classname="com.playwright.qa.test.LoginTest" name="verifyLoginPageURLTest" time="6.232"/>
  <testcase classname="com.playwright.qa.test.LoginTest" name="loginPageNewUserSignUpButtonTest" time="5.444"/>
  <testcase classname="com.playwright.qa.test.LoginTest" name="loginPageSocialMediaButtonTest" time="6.853"/>
  <testcase classname="com.playwright.qa.test.LoginTest" name="loginWithOutEmailPasswordTest" time="6.418"/>
  <testcase classname="com.playwright.qa.test.LoginTest" name="unregisteredEmailUserTest" time="7.555"/>
  <testcase classname="com.playwright.qa.test.LoginTest" name="loginWithEmailAndEmptyPasswordTest" time="6.744"/>
  <testcase classname="com.playwright.qa.test.LoginTest" name="loginWithPasswordAndEmptyEmailTest" time="6.565"/>
</testsuite> <!-- com.playwright.qa.test.LoginTest -->
